{"D:\\AFitness\\Fitness\\frontend\\src\\api\\apiCache.js": {"path":"D:\\AFitness\\Fitness\\frontend\\src\\api\\apiCache.js","statementMap":{"0":{"start":{"line":5,"column":0},"end":{"line":5,"column":63}}},"fnMap":{},"branchMap":{},"s":{"0":1},"f":{},"b":{},"meta":{"lastBranch":0,"lastFunction":0,"lastStatement":1,"seen":{"s:5:0:5:63":0}}}
,"D:\\AFitness\\Fitness\\frontend\\src\\components\\CalorieCalculator.vue": {"path":"D:\\AFitness\\Fitness\\frontend\\src\\components\\CalorieCalculator.vue","statementMap":{"0":{"start":{"line":135,"column":15},"end":{"line":137,"column":null}},"1":{"start":{"line":79,"column":12},"end":{"line":83,"column":null}},"2":{"start":{"line":85,"column":18},"end":{"line":85,"column":null}},"3":{"start":{"line":86,"column":14},"end":{"line":86,"column":null}},"4":{"start":{"line":88,"column":25},"end":{"line":93,"column":null}},"5":{"start":{"line":95,"column":25},"end":{"line":95,"column":null}},"6":{"start":{"line":95,"column":34},"end":{"line":95,"column":null}},"7":{"start":{"line":97,"column":22},"end":{"line":104,"column":null}},"8":{"start":{"line":98,"column":34},"end":{"line":98,"column":null}},"9":{"start":{"line":99,"column":2},"end":{"line":102,"column":null}},"10":{"start":{"line":101,"column":4},"end":{"line":101,"column":null}},"11":{"start":{"line":103,"column":2},"end":{"line":103,"column":null}},"12":{"start":{"line":106,"column":24},"end":{"line":111,"column":null}},"13":{"start":{"line":107,"column":17},"end":{"line":107,"column":null}},"14":{"start":{"line":108,"column":2},"end":{"line":108,"column":null}},"15":{"start":{"line":109,"column":2},"end":{"line":109,"column":null}},"16":{"start":{"line":110,"column":2},"end":{"line":110,"column":null}},"17":{"start":{"line":113,"column":19},"end":{"line":131,"column":null}},"18":{"start":{"line":114,"column":34},"end":{"line":114,"column":null}},"19":{"start":{"line":115,"column":2},"end":{"line":115,"column":null}},"20":{"start":{"line":115,"column":17},"end":{"line":115,"column":null}},"21":{"start":{"line":117,"column":2},"end":{"line":117,"column":null}},"22":{"start":{"line":118,"column":2},"end":{"line":130,"column":null}},"23":{"start":{"line":119,"column":16},"end":{"line":119,"column":null}},"24":{"start":{"line":120,"column":4},"end":{"line":124,"column":null}},"25":{"start":{"line":121,"column":5},"end":{"line":121,"column":null}},"26":{"start":{"line":123,"column":5},"end":{"line":123,"column":null}},"27":{"start":{"line":126,"column":4},"end":{"line":126,"column":null}},"28":{"start":{"line":127,"column":3},"end":{"line":127,"column":null}},"29":{"start":{"line":129,"column":4},"end":{"line":129,"column":null}},"30":{"start":{"line":2,"column":7},"end":{"line":2,"column":null}},"31":{"start":{"line":42,"column":18},"end":{"line":42,"column":43}},"32":{"start":{"line":48,"column":11},"end":{"line":48,"column":null}},"33":{"start":{"line":49,"column":11},"end":{"line":49,"column":29}},"34":{"start":{"line":50,"column":11},"end":{"line":50,"column":31}},"35":{"start":{"line":58,"column":11},"end":{"line":58,"column":null}},"36":{"start":{"line":2,"column":2},"end":{"line":68,"column":21}},"37":{"start":{"line":27,"column":23},"end":{"line":25,"column":null}},"38":{"start":{"line":17,"column":10},"end":{"line":25,"column":null}},"39":{"start":{"line":11,"column":26},"end":{"line":11,"column":40}},"40":{"start":{"line":20,"column":19},"end":{"line":20,"column":null}},"41":{"start":{"line":25,"column":18},"end":{"line":25,"column":null}},"42":{"start":{"line":30,"column":29},"end":{"line":30,"column":41}},"43":{"start":{"line":35,"column":8},"end":{"line":34,"column":null}},"44":{"start":{"line":34,"column":17},"end":{"line":34,"column":null}},"45":{"start":{"line":44,"column":19},"end":{"line":45,"column":57}},"46":{"start":{"line":42,"column":72},"end":{"line":42,"column":72}},"47":{"start":{"line":68,"column":8},"end":{"line":68,"column":21}}},"fnMap":{"0":{"name":"(anonymous_0)","decl":{"start":{"line":95,"column":25},"end":{"line":95,"column":26}},"loc":{"start":{"line":95,"column":34},"end":{"line":95,"column":null}},"line":95},"1":{"name":"(anonymous_1)","decl":{"start":{"line":97,"column":32},"end":{"line":97,"column":33}},"loc":{"start":{"line":97,"column":38},"end":{"line":104,"column":1}},"line":97},"2":{"name":"(anonymous_2)","decl":{"start":{"line":106,"column":24},"end":{"line":106,"column":25}},"loc":{"start":{"line":106,"column":49},"end":{"line":111,"column":null}},"line":106},"3":{"name":"(anonymous_3)","decl":{"start":{"line":113,"column":19},"end":{"line":113,"column":24}},"loc":{"start":{"line":113,"column":31},"end":{"line":131,"column":null}},"line":113},"4":{"name":"(anonymous_4)","decl":{"start":{"line":8,"column":35},"end":{"line":8,"column":36}},"loc":{"start":{"line":8,"column":35},"end":{"line":8,"column":36}},"line":8},"5":{"name":"(anonymous_5)","decl":{"start":{"line":9,"column":6},"end":{"line":9,"column":22}},"loc":{"start":{"line":27,"column":23},"end":{"line":25,"column":null}},"line":27},"6":{"name":"(anonymous_6)","decl":{"start":{"line":10,"column":8},"end":{"line":10,"column":null}},"loc":{"start":{"line":17,"column":10},"end":{"line":25,"column":null}},"line":17},"7":{"name":"(anonymous_7)","decl":{"start":{"line":11,"column":26},"end":{"line":11,"column":30}},"loc":{"start":{"line":11,"column":26},"end":{"line":11,"column":40}},"line":11},"8":{"name":"(anonymous_8)","decl":{"start":{"line":20,"column":19},"end":{"line":20,"column":23}},"loc":{"start":{"line":20,"column":19},"end":{"line":20,"column":null}},"line":20},"9":{"name":"(anonymous_9)","decl":{"start":{"line":25,"column":16},"end":{"line":25,"column":18}},"loc":{"start":{"line":25,"column":18},"end":{"line":25,"column":null}},"line":25},"10":{"name":"(anonymous_10)","decl":{"start":{"line":30,"column":29},"end":{"line":30,"column":39}},"loc":{"start":{"line":30,"column":29},"end":{"line":30,"column":41}},"line":30},"11":{"name":"(anonymous_11)","decl":{"start":{"line":31,"column":6},"end":{"line":31,"column":null}},"loc":{"start":{"line":35,"column":8},"end":{"line":34,"column":null}},"line":35},"12":{"name":"(anonymous_12)","decl":{"start":{"line":34,"column":15},"end":{"line":34,"column":17}},"loc":{"start":{"line":34,"column":17},"end":{"line":34,"column":null}},"line":34},"13":{"name":"(anonymous_13)","decl":{"start":{"line":40,"column":8},"end":{"line":40,"column":18}},"loc":{"start":{"line":44,"column":19},"end":{"line":45,"column":57}},"line":44},"14":{"name":"(anonymous_14)","decl":{"start":{"line":42,"column":12},"end":{"line":42,"column":18}},"loc":{"start":{"line":42,"column":72},"end":{"line":42,"column":72}},"line":42},"15":{"name":"(anonymous_15)","decl":{"start":{"line":66,"column":9},"end":{"line":66,"column":null}},"loc":{"start":{"line":68,"column":8},"end":{"line":68,"column":21}},"line":68}},"branchMap":{"0":{"loc":{"start":{"line":99,"column":2},"end":{"line":102,"column":null}},"type":"if","locations":[{"start":{"line":99,"column":2},"end":{"line":102,"column":null}},{"start":{},"end":{}}],"line":99},"1":{"loc":{"start":{"line":115,"column":2},"end":{"line":115,"column":null}},"type":"if","locations":[{"start":{"line":115,"column":2},"end":{"line":115,"column":null}},{"start":{},"end":{}}],"line":115},"2":{"loc":{"start":{"line":120,"column":4},"end":{"line":124,"column":null}},"type":"if","locations":[{"start":{"line":120,"column":4},"end":{"line":124,"column":null}},{"start":{"line":122,"column":11},"end":{"line":124,"column":null}}],"line":120},"3":{"loc":{"start":{"line":123,"column":20},"end":{"line":123,"column":41}},"type":"binary-expr","locations":[{"start":{"line":123,"column":20},"end":{"line":123,"column":31}},{"start":{"line":123,"column":35},"end":{"line":123,"column":41}}],"line":123},"4":{"loc":{"start":{"line":8,"column":42},"end":{"line":8,"column":null}},"type":"binary-expr","locations":[{"start":{"line":8,"column":42},"end":{"line":8,"column":50}},{"start":{"line":8,"column":42},"end":{"line":8,"column":null}}],"line":8},"5":{"loc":{"start":{"line":11,"column":26},"end":{"line":11,"column":40}},"type":"binary-expr","locations":[{"start":{"line":11,"column":26},"end":{"line":11,"column":30}},{"start":{"line":11,"column":26},"end":{"line":11,"column":40}}],"line":11},"6":{"loc":{"start":{"line":20,"column":19},"end":{"line":20,"column":null}},"type":"binary-expr","locations":[{"start":{"line":20,"column":19},"end":{"line":20,"column":23}},{"start":{"line":20,"column":19},"end":{"line":20,"column":null}}],"line":20},"7":{"loc":{"start":{"line":25,"column":16},"end":{"line":25,"column":null}},"type":"binary-expr","locations":[{"start":{"line":25,"column":16},"end":{"line":25,"column":18}},{"start":{"line":25,"column":16},"end":{"line":25,"column":null}}],"line":25},"8":{"loc":{"start":{"line":30,"column":29},"end":{"line":30,"column":41}},"type":"binary-expr","locations":[{"start":{"line":30,"column":29},"end":{"line":30,"column":39}},{"start":{"line":30,"column":29},"end":{"line":30,"column":41}}],"line":30},"9":{"loc":{"start":{"line":34,"column":15},"end":{"line":34,"column":null}},"type":"binary-expr","locations":[{"start":{"line":34,"column":15},"end":{"line":34,"column":17}},{"start":{"line":34,"column":15},"end":{"line":34,"column":null}}],"line":34},"10":{"loc":{"start":{"line":38,"column":38},"end":{"line":68,"column":21}},"type":"cond-expr","locations":[{"start":{"line":38,"column":4},"end":{"line":68,"column":21}}],"line":38},"11":{"loc":{"start":{"line":49,"column":55},"end":{"line":49,"column":64}},"type":"binary-expr","locations":[{"start":{"line":49,"column":55},"end":{"line":49,"column":60}},{"start":{"line":49,"column":55},"end":{"line":49,"column":64}}],"line":49},"12":{"loc":{"start":{"line":50,"column":31},"end":{"line":51,"column":28}},"type":"binary-expr","locations":[{"start":{"line":50,"column":31},"end":{"line":50,"column":null}},{"start":{"line":50,"column":31},"end":{"line":51,"column":28}}],"line":50},"13":{"loc":{"start":{"line":51,"column":23},"end":{"line":51,"column":null}},"type":"binary-expr","locations":[{"start":{"line":51,"column":23},"end":{"line":51,"column":28}},{"start":{"line":51,"column":23},"end":{"line":51,"column":null}}],"line":51},"14":{"loc":{"start":{"line":52,"column":66},"end":{"line":52,"column":91}},"type":"binary-expr","locations":[{"start":{"line":52,"column":66},"end":{"line":52,"column":86}},{"start":{"line":52,"column":66},"end":{"line":52,"column":91}}],"line":52},"15":{"loc":{"start":{"line":52,"column":86},"end":{"line":52,"column":null}},"type":"binary-expr","locations":[{"start":{"line":52,"column":86},"end":{"line":52,"column":91}},{"start":{"line":52,"column":86},"end":{"line":52,"column":null}}],"line":52},"16":{"loc":{"start":{"line":53,"column":66},"end":{"line":54,"column":12}},"type":"binary-expr","locations":[{"start":{"line":53,"column":66},"end":{"line":53,"column":null}},{"start":{"line":53,"column":66},"end":{"line":54,"column":12}}],"line":53},"17":{"loc":{"start":{"line":68,"column":8},"end":{"line":68,"column":21}},"type":"binary-expr","locations":[{"start":{"line":68,"column":8},"end":{"line":68,"column":21}},{"start":{"line":68,"column":8},"end":{"line":68,"column":21}}],"line":68}},"s":{"0":1,"1":14,"2":14,"3":14,"4":14,"5":14,"6":4,"7":14,"8":19,"9":19,"10":17,"11":2,"12":14,"13":1,"14":1,"15":1,"16":1,"17":14,"18":4,"19":4,"20":1,"21":3,"22":3,"23":3,"24":2,"25":1,"26":1,"27":1,"28":1,"29":3,"30":1,"31":1,"32":1,"33":1,"34":1,"35":1,"36":25,"37":0,"38":0,"39":0,"40":0,"41":0,"42":0,"43":0,"44":0,"45":0,"46":0,"47":0},"f":{"0":4,"1":19,"2":1,"3":4,"4":0,"5":0,"6":0,"7":0,"8":0,"9":0,"10":0,"11":0,"12":0,"13":0,"14":0,"15":0},"b":{"0":[17,2],"1":[1,3],"2":[1,1],"3":[1,0],"4":[25,14],"5":[0,0],"6":[0,0],"7":[0,0],"8":[25,14],"9":[0,0],"10":[23,null],"11":[23,14],"12":[23,14],"13":[23,14],"14":[23,14],"15":[23,14],"16":[23,14],"17":[0,0]},"meta":{"lastBranch":18,"lastFunction":16,"lastStatement":48,"seen":{"s:135:15:137:Infinity":0,"s:79:12:83:Infinity":1,"s:85:18:85:Infinity":2,"s:86:14:86:Infinity":3,"s:88:25:93:Infinity":4,"s:95:25:95:Infinity":5,"f:95:25:95:26":0,"s:95:34:95:Infinity":6,"s:97:22:104:Infinity":7,"f:97:32:97:33":1,"s:98:34:98:Infinity":8,"b:99:2:102:Infinity:undefined:undefined:undefined:undefined":0,"s:99:2:102:Infinity":9,"s:101:4:101:Infinity":10,"s:103:2:103:Infinity":11,"s:106:24:111:Infinity":12,"f:106:24:106:25":2,"s:107:17:107:Infinity":13,"s:108:2:108:Infinity":14,"s:109:2:109:Infinity":15,"s:110:2:110:Infinity":16,"s:113:19:131:Infinity":17,"f:113:19:113:24":3,"s:114:34:114:Infinity":18,"b:115:2:115:Infinity:undefined:undefined:undefined:undefined":1,"s:115:2:115:Infinity":19,"s:115:17:115:Infinity":20,"s:117:2:117:Infinity":21,"s:118:2:130:Infinity":22,"s:119:16:119:Infinity":23,"b:120:4:124:Infinity:122:11:124:Infinity":2,"s:120:4:124:Infinity":24,"s:121:5:121:Infinity":25,"s:123:5:123:Infinity":26,"b:123:20:123:31:123:35:123:41":3,"s:126:4:126:Infinity":27,"s:127:3:127:Infinity":28,"s:129:4:129:Infinity":29,"s:2:7:2:Infinity":30,"s:42:18:42:43":31,"s:48:11:48:Infinity":32,"s:49:11:49:29":33,"s:50:11:50:31":34,"s:58:11:58:Infinity":35,"s:2:2:68:21":36,"b:8:42:8:50:8:42:8:Infinity":4,"f:8:35:8:36":4,"f:9:6:9:22":5,"s:27:23:25:Infinity":37,"f:10:8:10:Infinity":6,"s:17:10:25:Infinity":38,"b:11:26:11:30:11:26:11:40":5,"f:11:26:11:30":7,"s:11:26:11:40":39,"b:20:19:20:23:20:19:20:Infinity":6,"f:20:19:20:23":8,"s:20:19:20:Infinity":40,"b:25:16:25:18:25:16:25:Infinity":7,"f:25:16:25:18":9,"s:25:18:25:Infinity":41,"b:30:29:30:39:30:29:30:41":8,"f:30:29:30:39":10,"s:30:29:30:41":42,"f:31:6:31:Infinity":11,"s:35:8:34:Infinity":43,"b:34:15:34:17:34:15:34:Infinity":9,"f:34:15:34:17":12,"s:34:17:34:Infinity":44,"b:38:4:68:21":10,"f:40:8:40:18":13,"s:44:19:45:57":45,"f:42:12:42:18":14,"s:42:72:42:72":46,"b:49:55:49:60:49:55:49:64":11,"b:50:31:50:Infinity:50:31:51:28":12,"b:51:23:51:28:51:23:51:Infinity":13,"b:52:66:52:86:52:66:52:91":14,"b:52:86:52:91:52:86:52:Infinity":15,"b:53:66:53:Infinity:53:66:54:12":16,"f:66:9:66:Infinity":15,"s:68:8:68:21":47,"b:68:8:68:21:68:8:68:21":17}}}
,"D:\\AFitness\\Fitness\\frontend\\src\\components\\ConnectionStatusIndicator.vue": {"path":"D:\\AFitness\\Fitness\\frontend\\src\\components\\ConnectionStatusIndicator.vue","statementMap":{"0":{"start":{"line":32,"column":14},"end":{"line":32,"column":null}},"1":{"start":{"line":46,"column":3},"end":{"line":46,"column":25}},"2":{"start":{"line":48,"column":21},"end":{"line":53,"column":2}},"3":{"start":{"line":49,"column":2},"end":{"line":51,"column":3}},"4":{"start":{"line":50,"column":4},"end":{"line":50,"column":57}},"5":{"start":{"line":52,"column":2},"end":{"line":52,"column":13}},"6":{"start":{"line":55,"column":19},"end":{"line":66,"column":2}},"7":{"start":{"line":56,"column":2},"end":{"line":65,"column":3}},"8":{"start":{"line":58,"column":6},"end":{"line":58,"column":31}},"9":{"start":{"line":60,"column":6},"end":{"line":60,"column":34}},"10":{"start":{"line":62,"column":6},"end":{"line":62,"column":30}},"11":{"start":{"line":64,"column":6},"end":{"line":64,"column":29}},"12":{"start":{"line":68,"column":18},"end":{"line":79,"column":2}},"13":{"start":{"line":69,"column":2},"end":{"line":78,"column":3}},"14":{"start":{"line":71,"column":6},"end":{"line":71,"column":18}},"15":{"start":{"line":73,"column":6},"end":{"line":73,"column":22}},"16":{"start":{"line":75,"column":6},"end":{"line":75,"column":23}},"17":{"start":{"line":77,"column":6},"end":{"line":77,"column":19}},"18":{"start":{"line":81,"column":14},"end":{"line":83,"column":1}},"19":{"start":{"line":82,"column":2},"end":{"line":82,"column":12}},"20":{"start":{"line":7,"column":9},"end":{"line":7,"column":null}},"21":{"start":{"line":8,"column":12},"end":{"line":8,"column":null}},"22":{"start":{"line":13,"column":12},"end":{"line":13,"column":35}},"23":{"start":{"line":3,"column":10},"end":{"line":22,"column":18}},"24":{"start":{"line":9,"column":51},"end":{"line":9,"column":61}},"25":{"start":{"line":10,"column":51},"end":{"line":10,"column":61}},"26":{"start":{"line":11,"column":39},"end":{"line":11,"column":49}},"27":{"start":{"line":22,"column":6},"end":{"line":22,"column":18}}},"fnMap":{"0":{"name":"(anonymous_0)","decl":{"start":{"line":48,"column":31},"end":{"line":48,"column":32}},"loc":{"start":{"line":48,"column":37},"end":{"line":53,"column":1}},"line":48},"1":{"name":"(anonymous_1)","decl":{"start":{"line":55,"column":29},"end":{"line":55,"column":30}},"loc":{"start":{"line":55,"column":35},"end":{"line":66,"column":1}},"line":55},"2":{"name":"(anonymous_2)","decl":{"start":{"line":68,"column":28},"end":{"line":68,"column":29}},"loc":{"start":{"line":68,"column":34},"end":{"line":79,"column":1}},"line":68},"3":{"name":"(anonymous_3)","decl":{"start":{"line":81,"column":14},"end":{"line":81,"column":15}},"loc":{"start":{"line":81,"column":20},"end":{"line":83,"column":1}},"line":81},"4":{"name":"(anonymous_4)","decl":{"start":{"line":9,"column":36},"end":{"line":9,"column":51}},"loc":{"start":{"line":9,"column":51},"end":{"line":9,"column":61}},"line":9},"5":{"name":"(anonymous_5)","decl":{"start":{"line":10,"column":40},"end":{"line":10,"column":51}},"loc":{"start":{"line":10,"column":51},"end":{"line":10,"column":61}},"line":10},"6":{"name":"(anonymous_6)","decl":{"start":{"line":11,"column":24},"end":{"line":11,"column":39}},"loc":{"start":{"line":11,"column":39},"end":{"line":11,"column":49}},"line":11},"7":{"name":"(anonymous_7)","decl":{"start":{"line":20,"column":7},"end":{"line":20,"column":null}},"loc":{"start":{"line":22,"column":6},"end":{"line":22,"column":18}},"line":22}},"branchMap":{"0":{"loc":{"start":{"line":49,"column":2},"end":{"line":51,"column":3}},"type":"if","locations":[{"start":{"line":49,"column":2},"end":{"line":51,"column":3}},{"start":{},"end":{}}],"line":49},"1":{"loc":{"start":{"line":56,"column":2},"end":{"line":65,"column":3}},"type":"switch","locations":[{"start":{"line":57,"column":4},"end":{"line":58,"column":31}},{"start":{"line":59,"column":4},"end":{"line":60,"column":34}},{"start":{"line":61,"column":4},"end":{"line":62,"column":30}},{"start":{"line":63,"column":4},"end":{"line":64,"column":29}}],"line":56},"2":{"loc":{"start":{"line":69,"column":2},"end":{"line":78,"column":3}},"type":"switch","locations":[{"start":{"line":70,"column":4},"end":{"line":71,"column":18}},{"start":{"line":72,"column":4},"end":{"line":73,"column":22}},{"start":{"line":74,"column":4},"end":{"line":75,"column":23}},{"start":{"line":76,"column":4},"end":{"line":77,"column":19}}],"line":69},"3":{"loc":{"start":{"line":3,"column":10},"end":{"line":22,"column":18}},"type":"cond-expr","locations":[{"start":{"line":2,"column":2},"end":{"line":22,"column":18}}],"line":3},"4":{"loc":{"start":{"line":9,"column":23},"end":{"line":11,"column":49}},"type":"cond-expr","locations":[{"start":{"line":9,"column":8},"end":{"line":9,"column":61}},{"start":{"line":10,"column":28},"end":{"line":11,"column":49}}],"line":9},"5":{"loc":{"start":{"line":10,"column":28},"end":{"line":11,"column":49}},"type":"cond-expr","locations":[{"start":{"line":10,"column":8},"end":{"line":10,"column":61}},{"start":{"line":11,"column":8},"end":{"line":11,"column":49}}],"line":10},"6":{"loc":{"start":{"line":15,"column":14},"end":{"line":22,"column":18}},"type":"cond-expr","locations":[{"start":{"line":14,"column":6},"end":{"line":22,"column":18}}],"line":15},"7":{"loc":{"start":{"line":22,"column":6},"end":{"line":22,"column":18}},"type":"binary-expr","locations":[{"start":{"line":22,"column":6},"end":{"line":22,"column":18}},{"start":{"line":22,"column":6},"end":{"line":22,"column":18}}],"line":22}},"s":{"0":14,"1":14,"2":14,"3":65,"4":56,"5":9,"6":14,"7":112,"8":50,"9":36,"10":12,"11":14,"12":14,"13":112,"14":50,"15":36,"16":12,"17":14,"18":14,"19":0,"20":1,"21":1,"22":1,"23":129,"24":0,"25":0,"26":0,"27":0},"f":{"0":65,"1":112,"2":112,"3":0,"4":0,"5":0,"6":0,"7":0},"b":{"0":[56,9],"1":[50,36,12,14],"2":[50,36,12,14],"3":[112,null],"4":[50,62],"5":[12,50],"6":[36,null],"7":[0,0]},"meta":{"lastBranch":8,"lastFunction":8,"lastStatement":28,"seen":{"s:32:14:32:Infinity":0,"s:46:3:46:25":1,"s:48:21:53:2":2,"f:48:31:48:32":0,"b:49:2:51:3:undefined:undefined:undefined:undefined":0,"s:49:2:51:3":3,"s:50:4:50:57":4,"s:52:2:52:13":5,"s:55:19:66:2":6,"f:55:29:55:30":1,"b:57:4:58:31:59:4:60:34:61:4:62:30:63:4:64:29":1,"s:56:2:65:3":7,"s:58:6:58:31":8,"s:60:6:60:34":9,"s:62:6:62:30":10,"s:64:6:64:29":11,"s:68:18:79:2":12,"f:68:28:68:29":2,"b:70:4:71:18:72:4:73:22:74:4:75:23:76:4:77:19":2,"s:69:2:78:3":13,"s:71:6:71:18":14,"s:73:6:73:22":15,"s:75:6:75:23":16,"s:77:6:77:19":17,"s:81:14:83:1":18,"f:81:14:81:15":3,"s:82:2:82:12":19,"s:7:9:7:Infinity":20,"s:8:12:8:Infinity":21,"s:13:12:13:35":22,"s:3:10:22:18":23,"b:2:2:22:18":3,"b:9:8:9:61:10:28:11:49":4,"f:9:36:9:51":4,"s:9:51:9:61":24,"b:10:8:10:61:11:8:11:49":5,"f:10:40:10:51":5,"s:10:51:10:61":25,"f:11:24:11:39":6,"s:11:39:11:49":26,"b:14:6:22:18":6,"f:20:7:20:Infinity":7,"s:22:6:22:18":27,"b:22:6:22:18:22:6:22:18":7}}}
,"D:\\AFitness\\Fitness\\frontend\\src\\components\\ErrorBoundary.vue": {"path":"D:\\AFitness\\Fitness\\frontend\\src\\components\\ErrorBoundary.vue","statementMap":{"0":{"start":{"line":49,"column":14},"end":{"line":49,"column":null}},"1":{"start":{"line":65,"column":13},"end":{"line":65,"column":54}},"2":{"start":{"line":66,"column":14},"end":{"line":66,"column":26}},"3":{"start":{"line":68,"column":16},"end":{"line":68,"column":27}},"4":{"start":{"line":69,"column":20},"end":{"line":69,"column":40}},"5":{"start":{"line":70,"column":20},"end":{"line":70,"column":28}},"6":{"start":{"line":71,"column":21},"end":{"line":71,"column":32}},"7":{"start":{"line":72,"column":18},"end":{"line":72,"column":29}},"8":{"start":{"line":73,"column":18},"end":{"line":73,"column":25}},"9":{"start":{"line":74,"column":17},"end":{"line":74,"column":27}},"10":{"start":{"line":75,"column":17},"end":{"line":75,"column":27}},"11":{"start":{"line":77,"column":0},"end":{"line":92,"column":2}},"12":{"start":{"line":78,"column":2},"end":{"line":78,"column":56}},"13":{"start":{"line":79,"column":2},"end":{"line":79,"column":23}},"14":{"start":{"line":80,"column":2},"end":{"line":80,"column":72}},"15":{"start":{"line":81,"column":2},"end":{"line":81,"column":38}},"16":{"start":{"line":82,"column":2},"end":{"line":82,"column":23}},"17":{"start":{"line":83,"column":2},"end":{"line":89,"column":3}},"18":{"start":{"line":90,"column":2},"end":{"line":90,"column":47}},"19":{"start":{"line":91,"column":2},"end":{"line":91,"column":14}},"20":{"start":{"line":94,"column":14},"end":{"line":121,"column":1}},"21":{"start":{"line":95,"column":2},"end":{"line":98,"column":3}},"22":{"start":{"line":96,"column":4},"end":{"line":96,"column":70}},"23":{"start":{"line":97,"column":4},"end":{"line":97,"column":10}},"24":{"start":{"line":100,"column":2},"end":{"line":100,"column":25}},"25":{"start":{"line":101,"column":2},"end":{"line":101,"column":20}},"26":{"start":{"line":103,"column":2},"end":{"line":120,"column":3}},"27":{"start":{"line":105,"column":4},"end":{"line":105,"column":58}},"28":{"start":{"line":105,"column":33},"end":{"line":105,"column":57}},"29":{"start":{"line":107,"column":4},"end":{"line":107,"column":26}},"30":{"start":{"line":108,"column":4},"end":{"line":108,"column":27}},"31":{"start":{"line":109,"column":4},"end":{"line":109,"column":27}},"32":{"start":{"line":110,"column":4},"end":{"line":110,"column":31}},"33":{"start":{"line":111,"column":4},"end":{"line":111,"column":26}},"34":{"start":{"line":112,"column":4},"end":{"line":112,"column":26}},"35":{"start":{"line":114,"column":4},"end":{"line":114,"column":51}},"36":{"start":{"line":117,"column":4},"end":{"line":117,"column":28}},"37":{"start":{"line":119,"column":4},"end":{"line":119,"column":28}},"38":{"start":{"line":123,"column":15},"end":{"line":127,"column":1}},"39":{"start":{"line":124,"column":2},"end":{"line":124,"column":24}},"40":{"start":{"line":125,"column":2},"end":{"line":125,"column":22}},"41":{"start":{"line":126,"column":2},"end":{"line":126,"column":27}},"42":{"start":{"line":132,"column":20},"end":{"line":169,"column":1}},"43":{"start":{"line":133,"column":2},"end":{"line":135,"column":3}},"44":{"start":{"line":134,"column":4},"end":{"line":134,"column":10}},"45":{"start":{"line":137,"column":2},"end":{"line":168,"column":3}},"46":{"start":{"line":139,"column":24},"end":{"line":148,"column":5}},"47":{"start":{"line":151,"column":4},"end":{"line":156,"column":5}},"48":{"start":{"line":152,"column":5},"end":{"line":155,"column":8}},"49":{"start":{"line":159,"column":4},"end":{"line":159,"column":33}},"50":{"start":{"line":161,"column":4},"end":{"line":161,"column":30}},"51":{"start":{"line":162,"column":4},"end":{"line":162,"column":31}},"52":{"start":{"line":164,"column":4},"end":{"line":164,"column":38}},"53":{"start":{"line":166,"column":4},"end":{"line":166,"column":47}},"54":{"start":{"line":167,"column":4},"end":{"line":167,"column":33}},"55":{"start":{"line":174,"column":25},"end":{"line":188,"column":1}},"56":{"start":{"line":175,"column":2},"end":{"line":187,"column":3}},"57":{"start":{"line":176,"column":20},"end":{"line":176,"column":76}},"58":{"start":{"line":177,"column":4},"end":{"line":177,"column":24}},"59":{"start":{"line":180,"column":4},"end":{"line":182,"column":5}},"60":{"start":{"line":181,"column":6},"end":{"line":181,"column":44}},"61":{"start":{"line":184,"column":4},"end":{"line":184,"column":65}},"62":{"start":{"line":186,"column":4},"end":{"line":186,"column":52}},"63":{"start":{"line":191,"column":14},"end":{"line":200,"column":1}},"64":{"start":{"line":192,"column":2},"end":{"line":192,"column":24}},"65":{"start":{"line":193,"column":2},"end":{"line":193,"column":25}},"66":{"start":{"line":194,"column":2},"end":{"line":194,"column":25}},"67":{"start":{"line":195,"column":2},"end":{"line":195,"column":29}},"68":{"start":{"line":196,"column":2},"end":{"line":196,"column":26}},"69":{"start":{"line":197,"column":2},"end":{"line":197,"column":22}},"70":{"start":{"line":198,"column":2},"end":{"line":198,"column":24}},"71":{"start":{"line":199,"column":2},"end":{"line":199,"column":24}},"72":{"start":{"line":202,"column":0},"end":{"line":202,"column":45}},"73":{"start":{"line":3,"column":9},"end":{"line":3,"column":null}},"74":{"start":{"line":4,"column":11},"end":{"line":4,"column":null}},"75":{"start":{"line":8,"column":9},"end":{"line":8,"column":34}},"76":{"start":{"line":9,"column":11},"end":{"line":9,"column":null}},"77":{"start":{"line":30,"column":17},"end":{"line":30,"column":40}},"78":{"start":{"line":2,"column":13},"end":{"line":39,"column":null}},"79":{"start":{"line":5,"column":61},"end":{"line":5,"column":71}},"80":{"start":{"line":11,"column":59},"end":{"line":12,"column":null}},"81":{"start":{"line":11,"column":49},"end":{"line":11,"column":59}},"82":{"start":{"line":15,"column":38},"end":{"line":17,"column":20}},"83":{"start":{"line":15,"column":28},"end":{"line":15,"column":38}},"84":{"start":{"line":19,"column":40},"end":{"line":21,"column":20}},"85":{"start":{"line":19,"column":30},"end":{"line":19,"column":40}},"86":{"start":{"line":23,"column":34},"end":{"line":23,"column":44}},"87":{"start":{"line":31,"column":29},"end":{"line":30,"column":61}},"88":{"start":{"line":30,"column":61},"end":{"line":30,"column":61}}},"fnMap":{"0":{"name":"(anonymous_0)","decl":{"start":{"line":77,"column":16},"end":{"line":77,"column":17}},"loc":{"start":{"line":77,"column":41},"end":{"line":92,"column":1}},"line":77},"1":{"name":"(anonymous_1)","decl":{"start":{"line":94,"column":14},"end":{"line":94,"column":19}},"loc":{"start":{"line":94,"column":26},"end":{"line":121,"column":1}},"line":94},"2":{"name":"(anonymous_2)","decl":{"start":{"line":105,"column":22},"end":{"line":105,"column":29}},"loc":{"start":{"line":105,"column":33},"end":{"line":105,"column":57}},"line":105},"3":{"name":"(anonymous_3)","decl":{"start":{"line":123,"column":15},"end":{"line":123,"column":16}},"loc":{"start":{"line":123,"column":21},"end":{"line":127,"column":1}},"line":123},"4":{"name":"(anonymous_4)","decl":{"start":{"line":132,"column":20},"end":{"line":132,"column":25}},"loc":{"start":{"line":132,"column":32},"end":{"line":169,"column":1}},"line":132},"5":{"name":"(anonymous_5)","decl":{"start":{"line":174,"column":25},"end":{"line":174,"column":26}},"loc":{"start":{"line":174,"column":37},"end":{"line":188,"column":1}},"line":174},"6":{"name":"(anonymous_6)","decl":{"start":{"line":191,"column":14},"end":{"line":191,"column":15}},"loc":{"start":{"line":191,"column":20},"end":{"line":200,"column":1}},"line":191},"7":{"name":"(anonymous_7)","decl":{"start":{"line":5,"column":44},"end":{"line":5,"column":61}},"loc":{"start":{"line":5,"column":61},"end":{"line":5,"column":71}},"line":5},"8":{"name":"(anonymous_8)","decl":{"start":{"line":11,"column":10},"end":{"line":11,"column":26}},"loc":{"start":{"line":11,"column":59},"end":{"line":12,"column":null}},"line":11},"9":{"name":"(anonymous_9)","decl":{"start":{"line":11,"column":38},"end":{"line":11,"column":49}},"loc":{"start":{"line":11,"column":49},"end":{"line":11,"column":59}},"line":11},"10":{"name":"(anonymous_10)","decl":{"start":{"line":15,"column":10},"end":{"line":15,"column":19}},"loc":{"start":{"line":15,"column":38},"end":{"line":17,"column":20}},"line":15},"11":{"name":"(anonymous_11)","decl":{"start":{"line":15,"column":19},"end":{"line":15,"column":28}},"loc":{"start":{"line":15,"column":28},"end":{"line":15,"column":38}},"line":15},"12":{"name":"(anonymous_12)","decl":{"start":{"line":19,"column":10},"end":{"line":19,"column":19}},"loc":{"start":{"line":19,"column":40},"end":{"line":21,"column":20}},"line":19},"13":{"name":"(anonymous_13)","decl":{"start":{"line":19,"column":19},"end":{"line":19,"column":30}},"loc":{"start":{"line":19,"column":30},"end":{"line":19,"column":40}},"line":19},"14":{"name":"(anonymous_14)","decl":{"start":{"line":23,"column":19},"end":{"line":23,"column":34}},"loc":{"start":{"line":23,"column":34},"end":{"line":23,"column":44}},"line":23},"15":{"name":"(anonymous_15)","decl":{"start":{"line":29,"column":10},"end":{"line":29,"column":28}},"loc":{"start":{"line":31,"column":29},"end":{"line":30,"column":61}},"line":31},"16":{"name":"(anonymous_16)","decl":{"start":{"line":30,"column":12},"end":{"line":30,"column":17}},"loc":{"start":{"line":30,"column":61},"end":{"line":30,"column":61}},"line":30}},"branchMap":{"0":{"loc":{"start":{"line":80,"column":23},"end":{"line":80,"column":72}},"type":"binary-expr","locations":[{"start":{"line":80,"column":23},"end":{"line":80,"column":47}},{"start":{"line":80,"column":51},"end":{"line":80,"column":62}},{"start":{"line":80,"column":66},"end":{"line":80,"column":72}}],"line":80},"1":{"loc":{"start":{"line":81,"column":23},"end":{"line":81,"column":38}},"type":"binary-expr","locations":[{"start":{"line":81,"column":23},"end":{"line":81,"column":32}},{"start":{"line":81,"column":36},"end":{"line":81,"column":38}}],"line":81},"2":{"loc":{"start":{"line":84,"column":19},"end":{"line":84,"column":56}},"type":"binary-expr","locations":[{"start":{"line":84,"column":19},"end":{"line":84,"column":43}},{"start":{"line":84,"column":47},"end":{"line":84,"column":56}}],"line":84},"3":{"loc":{"start":{"line":95,"column":2},"end":{"line":98,"column":3}},"type":"if","locations":[{"start":{"line":95,"column":2},"end":{"line":98,"column":3}},{"start":{},"end":{}}],"line":95},"4":{"loc":{"start":{"line":133,"column":2},"end":{"line":135,"column":3}},"type":"if","locations":[{"start":{"line":133,"column":2},"end":{"line":135,"column":3}},{"start":{},"end":{}}],"line":133},"5":{"loc":{"start":{"line":144,"column":17},"end":{"line":144,"column":71}},"type":"binary-expr","locations":[{"start":{"line":144,"column":17},"end":{"line":144,"column":43}},{"start":{"line":144,"column":47},"end":{"line":144,"column":71}}],"line":144},"6":{"loc":{"start":{"line":145,"column":11},"end":{"line":145,"column":55}},"type":"binary-expr","locations":[{"start":{"line":145,"column":11},"end":{"line":145,"column":31}},{"start":{"line":145,"column":35},"end":{"line":145,"column":55}}],"line":145},"7":{"loc":{"start":{"line":146,"column":17},"end":{"line":146,"column":66}},"type":"binary-expr","locations":[{"start":{"line":146,"column":17},"end":{"line":146,"column":43}},{"start":{"line":146,"column":47},"end":{"line":146,"column":66}}],"line":146},"8":{"loc":{"start":{"line":151,"column":4},"end":{"line":156,"column":5}},"type":"if","locations":[{"start":{"line":151,"column":4},"end":{"line":156,"column":5}},{"start":{},"end":{}}],"line":151},"9":{"loc":{"start":{"line":176,"column":31},"end":{"line":176,"column":75}},"type":"binary-expr","locations":[{"start":{"line":176,"column":31},"end":{"line":176,"column":67}},{"start":{"line":176,"column":71},"end":{"line":176,"column":75}}],"line":176},"10":{"loc":{"start":{"line":180,"column":4},"end":{"line":182,"column":5}},"type":"if","locations":[{"start":{"line":180,"column":4},"end":{"line":182,"column":5}},{"start":{},"end":{}}],"line":180},"11":{"loc":{"start":{"line":2,"column":13},"end":{"line":39,"column":null}},"type":"cond-expr","locations":[{"start":{"line":2,"column":2},"end":{"line":35,"column":43}},{"start":{"line":39,"column":2},"end":{"line":39,"column":null}}],"line":2},"12":{"loc":{"start":{"line":7,"column":6},"end":{"line":7,"column":38}},"type":"binary-expr","locations":[{"start":{"line":7,"column":6},"end":{"line":7,"column":10}},{"start":{"line":7,"column":6},"end":{"line":7,"column":38}}],"line":7},"13":{"loc":{"start":{"line":11,"column":26},"end":{"line":11,"column":59}},"type":"cond-expr","locations":[{"start":{"line":11,"column":10},"end":{"line":11,"column":59}}],"line":11},"14":{"loc":{"start":{"line":12,"column":13},"end":{"line":12,"column":null}},"type":"cond-expr","locations":[{"start":{"line":12,"column":23},"end":{"line":12,"column":null}},{"start":{"line":12,"column":23},"end":{"line":12,"column":null}}],"line":12},"15":{"loc":{"start":{"line":15,"column":38},"end":{"line":17,"column":20}},"type":"binary-expr","locations":[{"start":{"line":15,"column":38},"end":{"line":15,"column":null}},{"start":{"line":15,"column":38},"end":{"line":17,"column":20}}],"line":15},"16":{"loc":{"start":{"line":18,"column":26},"end":{"line":25,"column":15}},"type":"cond-expr","locations":[{"start":{"line":18,"column":8},"end":{"line":21,"column":20}},{"start":{"line":22,"column":8},"end":{"line":25,"column":15}}],"line":18},"17":{"loc":{"start":{"line":19,"column":40},"end":{"line":21,"column":20}},"type":"binary-expr","locations":[{"start":{"line":19,"column":40},"end":{"line":19,"column":null}},{"start":{"line":19,"column":40},"end":{"line":21,"column":20}}],"line":19},"18":{"loc":{"start":{"line":23,"column":44},"end":{"line":25,"column":15}},"type":"binary-expr","locations":[{"start":{"line":23,"column":44},"end":{"line":23,"column":null}},{"start":{"line":23,"column":44},"end":{"line":25,"column":15}}],"line":23},"19":{"loc":{"start":{"line":27,"column":17},"end":{"line":30,"column":61}},"type":"cond-expr","locations":[{"start":{"line":27,"column":6},"end":{"line":30,"column":61}}],"line":27},"20":{"loc":{"start":{"line":27,"column":17},"end":{"line":27,"column":44}},"type":"binary-expr","locations":[{"start":{"line":27,"column":17},"end":{"line":27,"column":28}},{"start":{"line":27,"column":32},"end":{"line":27,"column":44}}],"line":27},"21":{"loc":{"start":{"line":34,"column":17},"end":{"line":35,"column":43}},"type":"cond-expr","locations":[{"start":{"line":34,"column":6},"end":{"line":35,"column":43}}],"line":34}},"s":{"0":12,"1":12,"2":12,"3":12,"4":12,"5":12,"6":12,"7":12,"8":12,"9":12,"10":12,"11":12,"12":0,"13":0,"14":0,"15":0,"16":0,"17":0,"18":0,"19":0,"20":12,"21":0,"22":0,"23":0,"24":0,"25":0,"26":0,"27":0,"28":0,"29":0,"30":0,"31":0,"32":0,"33":0,"34":0,"35":0,"36":0,"37":0,"38":12,"39":0,"40":0,"41":0,"42":12,"43":0,"44":0,"45":0,"46":0,"47":0,"48":0,"49":0,"50":0,"51":0,"52":0,"53":0,"54":0,"55":12,"56":0,"57":0,"58":0,"59":0,"60":0,"61":0,"62":0,"63":12,"64":1,"65":1,"66":1,"67":1,"68":1,"69":1,"70":1,"71":1,"72":12,"73":1,"74":1,"75":1,"76":1,"77":1,"78":14,"79":0,"80":0,"81":0,"82":0,"83":0,"84":0,"85":0,"86":0,"87":0,"88":0},"f":{"0":0,"1":0,"2":0,"3":0,"4":0,"5":0,"6":1,"7":0,"8":0,"9":0,"10":0,"11":0,"12":0,"13":0,"14":0,"15":0,"16":0},"b":{"0":[0,0,0],"1":[0,0],"2":[0,0],"3":[0,0],"4":[0,0],"5":[0,0],"6":[0,0],"7":[0,0],"8":[0,0],"9":[0,0],"10":[0,0],"11":[1,13],"12":[1,1],"13":[0,null],"14":[0,0],"15":[0,0],"16":[1,0],"17":[0,0],"18":[0,0],"19":[0,null],"20":[1,0],"21":[1,null]},"meta":{"lastBranch":0,"lastFunction":0,"lastStatement":0,"seen":{}}}
,"D:\\AFitness\\Fitness\\frontend\\src\\components\\MetricsOverview.vue": {"path":"D:\\AFitness\\Fitness\\frontend\\src\\components\\MetricsOverview.vue","statementMap":{"0":{"start":{"line":201,"column":14},"end":{"line":201,"column":null}},"1":{"start":{"line":204,"column":15},"end":{"line":204,"column":null}},"2":{"start":{"line":205,"column":17},"end":{"line":205,"column":null}},"3":{"start":{"line":206,"column":27},"end":{"line":206,"column":null}},"4":{"start":{"line":207,"column":20},"end":{"line":207,"column":null}},"5":{"start":{"line":208,"column":19},"end":{"line":208,"column":null}},"6":{"start":{"line":209,"column":21},"end":{"line":209,"column":null}},"7":{"start":{"line":210,"column":26},"end":{"line":210,"column":null}},"8":{"start":{"line":211,"column":25},"end":{"line":211,"column":null}},"9":{"start":{"line":212,"column":21},"end":{"line":212,"column":null}},"10":{"start":{"line":213,"column":23},"end":{"line":213,"column":null}},"11":{"start":{"line":216,"column":20},"end":{"line":220,"column":null}},"12":{"start":{"line":223,"column":19},"end":{"line":223,"column":null}},"13":{"start":{"line":226,"column":20},"end":{"line":226,"column":null}},"14":{"start":{"line":227,"column":21},"end":{"line":227,"column":null}},"15":{"start":{"line":228,"column":19},"end":{"line":228,"column":null}},"16":{"start":{"line":231,"column":13},"end":{"line":236,"column":null}},"17":{"start":{"line":239,"column":24},"end":{"line":255,"column":null}},"18":{"start":{"line":258,"column":25},"end":{"line":263,"column":null}},"19":{"start":{"line":259,"column":17},"end":{"line":259,"column":null}},"20":{"start":{"line":260,"column":2},"end":{"line":260,"column":null}},"21":{"start":{"line":260,"column":18},"end":{"line":260,"column":null}},"22":{"start":{"line":261,"column":2},"end":{"line":261,"column":null}},"23":{"start":{"line":261,"column":18},"end":{"line":261,"column":null}},"24":{"start":{"line":262,"column":2},"end":{"line":262,"column":null}},"25":{"start":{"line":265,"column":24},"end":{"line":271,"column":null}},"26":{"start":{"line":266,"column":20},"end":{"line":266,"column":null}},"27":{"start":{"line":267,"column":17},"end":{"line":267,"column":null}},"28":{"start":{"line":268,"column":2},"end":{"line":268,"column":null}},"29":{"start":{"line":268,"column":18},"end":{"line":268,"column":null}},"30":{"start":{"line":269,"column":2},"end":{"line":269,"column":null}},"31":{"start":{"line":269,"column":18},"end":{"line":269,"column":null}},"32":{"start":{"line":270,"column":2},"end":{"line":270,"column":null}},"33":{"start":{"line":273,"column":22},"end":{"line":278,"column":null}},"34":{"start":{"line":274,"column":16},"end":{"line":274,"column":null}},"35":{"start":{"line":275,"column":2},"end":{"line":275,"column":null}},"36":{"start":{"line":275,"column":19},"end":{"line":275,"column":null}},"37":{"start":{"line":276,"column":2},"end":{"line":276,"column":null}},"38":{"start":{"line":276,"column":19},"end":{"line":276,"column":null}},"39":{"start":{"line":277,"column":2},"end":{"line":277,"column":null}},"40":{"start":{"line":280,"column":26},"end":{"line":285,"column":null}},"41":{"start":{"line":281,"column":15},"end":{"line":281,"column":null}},"42":{"start":{"line":282,"column":2},"end":{"line":282,"column":null}},"43":{"start":{"line":282,"column":18},"end":{"line":282,"column":null}},"44":{"start":{"line":283,"column":2},"end":{"line":283,"column":null}},"45":{"start":{"line":283,"column":18},"end":{"line":283,"column":null}},"46":{"start":{"line":284,"column":2},"end":{"line":284,"column":null}},"47":{"start":{"line":288,"column":23},"end":{"line":411,"column":null}},"48":{"start":{"line":289,"column":14},"end":{"line":289,"column":null}},"49":{"start":{"line":292,"column":2},"end":{"line":307,"column":null}},"50":{"start":{"line":296,"column":23},"end":{"line":296,"column":null}},"51":{"start":{"line":297,"column":4},"end":{"line":297,"column":null}},"52":{"start":{"line":298,"column":4},"end":{"line":298,"column":null}},"53":{"start":{"line":299,"column":4},"end":{"line":299,"column":null}},"54":{"start":{"line":300,"column":4},"end":{"line":300,"column":null}},"55":{"start":{"line":301,"column":4},"end":{"line":301,"column":null}},"56":{"start":{"line":302,"column":4},"end":{"line":302,"column":null}},"57":{"start":{"line":303,"column":4},"end":{"line":303,"column":null}},"58":{"start":{"line":304,"column":4},"end":{"line":304,"column":null}},"59":{"start":{"line":305,"column":4},"end":{"line":305,"column":null}},"60":{"start":{"line":306,"column":4},"end":{"line":306,"column":null}},"61":{"start":{"line":309,"column":2},"end":{"line":309,"column":null}},"62":{"start":{"line":310,"column":2},"end":{"line":410,"column":null}},"63":{"start":{"line":312,"column":21},"end":{"line":312,"column":null}},"64":{"start":{"line":314,"column":4},"end":{"line":378,"column":null}},"65":{"start":{"line":316,"column":37},"end":{"line":316,"column":null}},"66":{"start":{"line":317,"column":30},"end":{"line":317,"column":null}},"67":{"start":{"line":318,"column":29},"end":{"line":318,"column":null}},"68":{"start":{"line":321,"column":31},"end":{"line":321,"column":null}},"69":{"start":{"line":322,"column":30},"end":{"line":322,"column":null}},"70":{"start":{"line":323,"column":31},"end":{"line":323,"column":null}},"71":{"start":{"line":324,"column":29},"end":{"line":324,"column":null}},"72":{"start":{"line":327,"column":36},"end":{"line":327,"column":null}},"73":{"start":{"line":331,"column":6},"end":{"line":341,"column":null}},"74":{"start":{"line":332,"column":8},"end":{"line":332,"column":null}},"75":{"start":{"line":335,"column":8},"end":{"line":340,"column":null}},"76":{"start":{"line":344,"column":6},"end":{"line":344,"column":null}},"77":{"start":{"line":345,"column":6},"end":{"line":345,"column":null}},"78":{"start":{"line":346,"column":6},"end":{"line":346,"column":null}},"79":{"start":{"line":347,"column":6},"end":{"line":347,"column":null}},"80":{"start":{"line":348,"column":6},"end":{"line":348,"column":null}},"81":{"start":{"line":349,"column":6},"end":{"line":349,"column":null}},"82":{"start":{"line":350,"column":6},"end":{"line":350,"column":null}},"83":{"start":{"line":351,"column":6},"end":{"line":351,"column":null}},"84":{"start":{"line":352,"column":6},"end":{"line":352,"column":null}},"85":{"start":{"line":355,"column":6},"end":{"line":369,"column":null}},"86":{"start":{"line":371,"column":6},"end":{"line":371,"column":null}},"87":{"start":{"line":374,"column":6},"end":{"line":374,"column":null}},"88":{"start":{"line":375,"column":6},"end":{"line":375,"column":null}},"89":{"start":{"line":377,"column":6},"end":{"line":377,"column":null}},"90":{"start":{"line":380,"column":4},"end":{"line":380,"column":null}},"91":{"start":{"line":381,"column":4},"end":{"line":381,"column":null}},"92":{"start":{"line":384,"column":39},"end":{"line":384,"column":null}},"93":{"start":{"line":385,"column":32},"end":{"line":385,"column":null}},"94":{"start":{"line":386,"column":31},"end":{"line":386,"column":null}},"95":{"start":{"line":387,"column":33},"end":{"line":387,"column":null}},"96":{"start":{"line":388,"column":38},"end":{"line":388,"column":null}},"97":{"start":{"line":389,"column":32},"end":{"line":389,"column":null}},"98":{"start":{"line":390,"column":33},"end":{"line":390,"column":null}},"99":{"start":{"line":391,"column":31},"end":{"line":391,"column":null}},"100":{"start":{"line":392,"column":25},"end":{"line":397,"column":null}},"101":{"start":{"line":399,"column":4},"end":{"line":399,"column":null}},"102":{"start":{"line":400,"column":4},"end":{"line":400,"column":null}},"103":{"start":{"line":401,"column":4},"end":{"line":401,"column":null}},"104":{"start":{"line":402,"column":4},"end":{"line":402,"column":null}},"105":{"start":{"line":403,"column":4},"end":{"line":403,"column":null}},"106":{"start":{"line":404,"column":4},"end":{"line":404,"column":null}},"107":{"start":{"line":405,"column":4},"end":{"line":405,"column":null}},"108":{"start":{"line":406,"column":4},"end":{"line":406,"column":null}},"109":{"start":{"line":407,"column":4},"end":{"line":407,"column":null}},"110":{"start":{"line":409,"column":4},"end":{"line":409,"column":null}},"111":{"start":{"line":414,"column":19},"end":{"line":421,"column":null}},"112":{"start":{"line":415,"column":2},"end":{"line":420,"column":null}},"113":{"start":{"line":416,"column":4},"end":{"line":416,"column":null}},"114":{"start":{"line":418,"column":4},"end":{"line":418,"column":null}},"115":{"start":{"line":419,"column":4},"end":{"line":419,"column":null}},"116":{"start":{"line":424,"column":21},"end":{"line":431,"column":null}},"117":{"start":{"line":425,"column":2},"end":{"line":430,"column":null}},"118":{"start":{"line":426,"column":4},"end":{"line":426,"column":null}},"119":{"start":{"line":428,"column":4},"end":{"line":428,"column":null}},"120":{"start":{"line":429,"column":4},"end":{"line":429,"column":null}},"121":{"start":{"line":434,"column":25},"end":{"line":438,"column":null}},"122":{"start":{"line":435,"column":2},"end":{"line":435,"column":null}},"123":{"start":{"line":435,"column":19},"end":{"line":435,"column":null}},"124":{"start":{"line":436,"column":2},"end":{"line":436,"column":null}},"125":{"start":{"line":436,"column":19},"end":{"line":436,"column":null}},"126":{"start":{"line":437,"column":2},"end":{"line":437,"column":null}},"127":{"start":{"line":440,"column":31},"end":{"line":449,"column":null}},"128":{"start":{"line":441,"column":23},"end":{"line":445,"column":null}},"129":{"start":{"line":447,"column":17},"end":{"line":447,"column":null}},"130":{"start":{"line":448,"column":2},"end":{"line":448,"column":null}},"131":{"start":{"line":452,"column":22},"end":{"line":497,"column":null}},"132":{"start":{"line":453,"column":2},"end":{"line":453,"column":null}},"133":{"start":{"line":453,"column":30},"end":{"line":453,"column":null}},"134":{"start":{"line":455,"column":2},"end":{"line":496,"column":null}},"135":{"start":{"line":456,"column":19},"end":{"line":456,"column":null}},"136":{"start":{"line":457,"column":16},"end":{"line":457,"column":null}},"137":{"start":{"line":458,"column":18},"end":{"line":458,"column":null}},"138":{"start":{"line":459,"column":19},"end":{"line":459,"column":null}},"139":{"start":{"line":462,"column":4},"end":{"line":462,"column":null}},"140":{"start":{"line":465,"column":23},"end":{"line":465,"column":null}},"141":{"start":{"line":466,"column":4},"end":{"line":468,"column":null}},"142":{"start":{"line":466,"column":17},"end":{"line":466,"column":18}},"143":{"start":{"line":467,"column":6},"end":{"line":467,"column":null}},"144":{"start":{"line":471,"column":4},"end":{"line":471,"column":null}},"145":{"start":{"line":472,"column":4},"end":{"line":472,"column":null}},"146":{"start":{"line":473,"column":4},"end":{"line":473,"column":null}},"147":{"start":{"line":475,"column":4},"end":{"line":484,"column":null}},"148":{"start":{"line":476,"column":16},"end":{"line":476,"column":null}},"149":{"start":{"line":477,"column":16},"end":{"line":477,"column":null}},"150":{"start":{"line":479,"column":6},"end":{"line":483,"column":null}},"151":{"start":{"line":480,"column":8},"end":{"line":480,"column":null}},"152":{"start":{"line":482,"column":8},"end":{"line":482,"column":null}},"153":{"start":{"line":486,"column":4},"end":{"line":486,"column":null}},"154":{"start":{"line":489,"column":4},"end":{"line":489,"column":null}},"155":{"start":{"line":490,"column":4},"end":{"line":490,"column":null}},"156":{"start":{"line":491,"column":4},"end":{"line":491,"column":null}},"157":{"start":{"line":492,"column":4},"end":{"line":492,"column":null}},"158":{"start":{"line":493,"column":4},"end":{"line":493,"column":null}},"159":{"start":{"line":495,"column":4},"end":{"line":495,"column":null}},"160":{"start":{"line":500,"column":25},"end":{"line":507,"column":null}},"161":{"start":{"line":501,"column":2},"end":{"line":503,"column":null}},"162":{"start":{"line":502,"column":4},"end":{"line":502,"column":null}},"163":{"start":{"line":504,"column":2},"end":{"line":506,"column":null}},"164":{"start":{"line":505,"column":4},"end":{"line":505,"column":null}},"165":{"start":{"line":510,"column":0},"end":{"line":510,"column":null}},"166":{"start":{"line":512,"column":0},"end":{"line":514,"column":null}},"167":{"start":{"line":513,"column":2},"end":{"line":513,"column":null}},"168":{"start":{"line":517,"column":0},"end":{"line":521,"column":null}},"169":{"start":{"line":518,"column":2},"end":{"line":520,"column":null}},"170":{"start":{"line":519,"column":4},"end":{"line":519,"column":null}},"171":{"start":{"line":2,"column":7},"end":{"line":2,"column":null}},"172":{"start":{"line":3,"column":9},"end":{"line":3,"column":null}},"173":{"start":{"line":8,"column":11},"end":{"line":8,"column":null}},"174":{"start":{"line":21,"column":9},"end":{"line":21,"column":null}},"175":{"start":{"line":24,"column":13},"end":{"line":24,"column":null}},"176":{"start":{"line":25,"column":15},"end":{"line":25,"column":null}},"177":{"start":{"line":26,"column":16},"end":{"line":26,"column":71}},"178":{"start":{"line":29,"column":15},"end":{"line":29,"column":null}},"179":{"start":{"line":33,"column":13},"end":{"line":33,"column":null}},"180":{"start":{"line":43,"column":13},"end":{"line":43,"column":null}},"181":{"start":{"line":44,"column":15},"end":{"line":44,"column":null}},"182":{"start":{"line":52,"column":13},"end":{"line":52,"column":null}},"183":{"start":{"line":53,"column":15},"end":{"line":53,"column":null}},"184":{"start":{"line":54,"column":16},"end":{"line":54,"column":71}},"185":{"start":{"line":57,"column":15},"end":{"line":57,"column":null}},"186":{"start":{"line":61,"column":13},"end":{"line":61,"column":null}},"187":{"start":{"line":66,"column":13},"end":{"line":66,"column":null}},"188":{"start":{"line":70,"column":13},"end":{"line":70,"column":null}},"189":{"start":{"line":76,"column":13},"end":{"line":76,"column":null}},"190":{"start":{"line":85,"column":13},"end":{"line":85,"column":null}},"191":{"start":{"line":93,"column":13},"end":{"line":93,"column":null}},"192":{"start":{"line":94,"column":15},"end":{"line":94,"column":null}},"193":{"start":{"line":101,"column":13},"end":{"line":101,"column":null}},"194":{"start":{"line":102,"column":15},"end":{"line":102,"column":null}},"195":{"start":{"line":103,"column":16},"end":{"line":103,"column":71}},"196":{"start":{"line":106,"column":15},"end":{"line":106,"column":null}},"197":{"start":{"line":110,"column":13},"end":{"line":110,"column":null}},"198":{"start":{"line":118,"column":13},"end":{"line":118,"column":null}},"199":{"start":{"line":138,"column":11},"end":{"line":138,"column":null}},"200":{"start":{"line":139,"column":13},"end":{"line":139,"column":null}},"201":{"start":{"line":143,"column":13},"end":{"line":143,"column":45}},"202":{"start":{"line":145,"column":13},"end":{"line":145,"column":null}},"203":{"start":{"line":146,"column":15},"end":{"line":146,"column":null}},"204":{"start":{"line":150,"column":15},"end":{"line":150,"column":null}},"205":{"start":{"line":154,"column":15},"end":{"line":154,"column":null}},"206":{"start":{"line":164,"column":11},"end":{"line":164,"column":null}},"207":{"start":{"line":165,"column":13},"end":{"line":165,"column":null}},"208":{"start":{"line":166,"column":15},"end":{"line":166,"column":null}},"209":{"start":{"line":167,"column":17},"end":{"line":167,"column":null}},"210":{"start":{"line":173,"column":13},"end":{"line":173,"column":null}},"211":{"start":{"line":175,"column":17},"end":{"line":175,"column":null}},"212":{"start":{"line":176,"column":20},"end":{"line":176,"column":41}},"213":{"start":{"line":177,"column":20},"end":{"line":177,"column":45}},"214":{"start":{"line":2,"column":2},"end":{"line":182,"column":null}},"215":{"start":{"line":9,"column":28},"end":{"line":9,"column":40}},"216":{"start":{"line":10,"column":47},"end":{"line":12,"column":47}},"217":{"start":{"line":14,"column":32},"end":{"line":14,"column":55}},"218":{"start":{"line":15,"column":40},"end":{"line":17,"column":20}},"219":{"start":{"line":15,"column":30},"end":{"line":15,"column":40}},"220":{"start":{"line":23,"column":58},"end":{"line":23,"column":108}},"221":{"start":{"line":30,"column":36},"end":{"line":30,"column":46}},"222":{"start":{"line":39,"column":55},"end":{"line":39,"column":65}},"223":{"start":{"line":40,"column":63},"end":{"line":40,"column":73}},"224":{"start":{"line":51,"column":58},"end":{"line":51,"column":108}},"225":{"start":{"line":58,"column":34},"end":{"line":58,"column":44}},"226":{"start":{"line":67,"column":31},"end":{"line":67,"column":41}},"227":{"start":{"line":75,"column":58},"end":{"line":75,"column":105}},"228":{"start":{"line":82,"column":30},"end":{"line":82,"column":40}},"229":{"start":{"line":100,"column":57},"end":{"line":100,"column":100}},"230":{"start":{"line":107,"column":28},"end":{"line":107,"column":38}},"231":{"start":{"line":137,"column":24},"end":{"line":137,"column":43}},"232":{"start":{"line":159,"column":12},"end":{"line":156,"column":85}},"233":{"start":{"line":148,"column":30},"end":{"line":148,"column":44}},"234":{"start":{"line":152,"column":30},"end":{"line":152,"column":45}},"235":{"start":{"line":156,"column":30},"end":{"line":156,"column":43}},"236":{"start":{"line":163,"column":24},"end":{"line":163,"column":39}},"237":{"start":{"line":186,"column":12},"end":{"line":182,"column":null}},"238":{"start":{"line":174,"column":10},"end":{"line":182,"column":null}}},"fnMap":{"0":{"name":"(anonymous_0)","decl":{"start":{"line":258,"column":35},"end":{"line":258,"column":36}},"loc":{"start":{"line":258,"column":41},"end":{"line":263,"column":1}},"line":258},"1":{"name":"(anonymous_1)","decl":{"start":{"line":265,"column":34},"end":{"line":265,"column":35}},"loc":{"start":{"line":265,"column":40},"end":{"line":271,"column":1}},"line":265},"2":{"name":"(anonymous_2)","decl":{"start":{"line":273,"column":32},"end":{"line":273,"column":33}},"loc":{"start":{"line":273,"column":38},"end":{"line":278,"column":1}},"line":273},"3":{"name":"(anonymous_3)","decl":{"start":{"line":280,"column":36},"end":{"line":280,"column":37}},"loc":{"start":{"line":280,"column":42},"end":{"line":285,"column":1}},"line":280},"4":{"name":"(anonymous_4)","decl":{"start":{"line":288,"column":23},"end":{"line":288,"column":28}},"loc":{"start":{"line":288,"column":55},"end":{"line":411,"column":null}},"line":288},"5":{"name":"(anonymous_5)","decl":{"start":{"line":414,"column":19},"end":{"line":414,"column":20}},"loc":{"start":{"line":414,"column":30},"end":{"line":421,"column":null}},"line":414},"6":{"name":"(anonymous_6)","decl":{"start":{"line":424,"column":21},"end":{"line":424,"column":22}},"loc":{"start":{"line":424,"column":30},"end":{"line":431,"column":null}},"line":424},"7":{"name":"(anonymous_7)","decl":{"start":{"line":434,"column":25},"end":{"line":434,"column":26}},"loc":{"start":{"line":434,"column":36},"end":{"line":438,"column":null}},"line":434},"8":{"name":"(anonymous_8)","decl":{"start":{"line":440,"column":31},"end":{"line":440,"column":32}},"loc":{"start":{"line":440,"column":42},"end":{"line":449,"column":null}},"line":440},"9":{"name":"(anonymous_9)","decl":{"start":{"line":452,"column":22},"end":{"line":452,"column":23}},"loc":{"start":{"line":452,"column":28},"end":{"line":497,"column":null}},"line":452},"10":{"name":"(anonymous_10)","decl":{"start":{"line":475,"column":23},"end":{"line":475,"column":24}},"loc":{"start":{"line":475,"column":41},"end":{"line":484,"column":5}},"line":475},"11":{"name":"(anonymous_11)","decl":{"start":{"line":500,"column":25},"end":{"line":500,"column":26}},"loc":{"start":{"line":500,"column":31},"end":{"line":507,"column":null}},"line":500},"12":{"name":"(anonymous_12)","decl":{"start":{"line":504,"column":28},"end":{"line":504,"column":29}},"loc":{"start":{"line":504,"column":34},"end":{"line":506,"column":3}},"line":504},"13":{"name":"(anonymous_13)","decl":{"start":{"line":512,"column":10},"end":{"line":512,"column":11}},"loc":{"start":{"line":512,"column":16},"end":{"line":514,"column":1}},"line":512},"14":{"name":"(anonymous_14)","decl":{"start":{"line":517,"column":12},"end":{"line":517,"column":13}},"loc":{"start":{"line":517,"column":18},"end":{"line":521,"column":1}},"line":517},"15":{"name":"(anonymous_15)","decl":{"start":{"line":9,"column":28},"end":{"line":9,"column":37}},"loc":{"start":{"line":9,"column":28},"end":{"line":9,"column":40}},"line":9},"16":{"name":"(anonymous_16)","decl":{"start":{"line":10,"column":10},"end":{"line":10,"column":21}},"loc":{"start":{"line":10,"column":47},"end":{"line":12,"column":47}},"line":10},"17":{"name":"(anonymous_17)","decl":{"start":{"line":14,"column":30},"end":{"line":14,"column":32}},"loc":{"start":{"line":14,"column":32},"end":{"line":14,"column":55}},"line":14},"18":{"name":"(anonymous_18)","decl":{"start":{"line":15,"column":10},"end":{"line":15,"column":19}},"loc":{"start":{"line":15,"column":40},"end":{"line":17,"column":20}},"line":15},"19":{"name":"(anonymous_19)","decl":{"start":{"line":15,"column":19},"end":{"line":15,"column":30}},"loc":{"start":{"line":15,"column":30},"end":{"line":15,"column":40}},"line":15},"20":{"name":"(anonymous_20)","decl":{"start":{"line":23,"column":56},"end":{"line":23,"column":58}},"loc":{"start":{"line":23,"column":58},"end":{"line":23,"column":108}},"line":23},"21":{"name":"(anonymous_21)","decl":{"start":{"line":30,"column":21},"end":{"line":30,"column":36}},"loc":{"start":{"line":30,"column":36},"end":{"line":30,"column":46}},"line":30},"22":{"name":"(anonymous_22)","decl":{"start":{"line":39,"column":43},"end":{"line":39,"column":55}},"loc":{"start":{"line":39,"column":55},"end":{"line":39,"column":65}},"line":39},"23":{"name":"(anonymous_23)","decl":{"start":{"line":40,"column":48},"end":{"line":40,"column":63}},"loc":{"start":{"line":40,"column":63},"end":{"line":40,"column":73}},"line":40},"24":{"name":"(anonymous_24)","decl":{"start":{"line":51,"column":56},"end":{"line":51,"column":58}},"loc":{"start":{"line":51,"column":58},"end":{"line":51,"column":108}},"line":51},"25":{"name":"(anonymous_25)","decl":{"start":{"line":58,"column":21},"end":{"line":58,"column":34}},"loc":{"start":{"line":58,"column":34},"end":{"line":58,"column":44}},"line":58},"26":{"name":"(anonymous_26)","decl":{"start":{"line":67,"column":19},"end":{"line":67,"column":31}},"loc":{"start":{"line":67,"column":31},"end":{"line":67,"column":41}},"line":67},"27":{"name":"(anonymous_27)","decl":{"start":{"line":75,"column":56},"end":{"line":75,"column":58}},"loc":{"start":{"line":75,"column":58},"end":{"line":75,"column":105}},"line":75},"28":{"name":"(anonymous_28)","decl":{"start":{"line":82,"column":21},"end":{"line":82,"column":30}},"loc":{"start":{"line":82,"column":30},"end":{"line":82,"column":40}},"line":82},"29":{"name":"(anonymous_29)","decl":{"start":{"line":100,"column":55},"end":{"line":100,"column":57}},"loc":{"start":{"line":100,"column":57},"end":{"line":100,"column":100}},"line":100},"30":{"name":"(anonymous_30)","decl":{"start":{"line":107,"column":21},"end":{"line":107,"column":28}},"loc":{"start":{"line":107,"column":28},"end":{"line":107,"column":38}},"line":107},"31":{"name":"(anonymous_31)","decl":{"start":{"line":137,"column":24},"end":{"line":137,"column":41}},"loc":{"start":{"line":137,"column":24},"end":{"line":137,"column":43}},"line":137},"32":{"name":"(anonymous_32)","decl":{"start":{"line":138,"column":6},"end":{"line":138,"column":11}},"loc":{"start":{"line":159,"column":12},"end":{"line":156,"column":85}},"line":159},"33":{"name":"(anonymous_33)","decl":{"start":{"line":148,"column":30},"end":{"line":148,"column":42}},"loc":{"start":{"line":148,"column":30},"end":{"line":148,"column":44}},"line":148},"34":{"name":"(anonymous_34)","decl":{"start":{"line":152,"column":30},"end":{"line":152,"column":43}},"loc":{"start":{"line":152,"column":30},"end":{"line":152,"column":45}},"line":152},"35":{"name":"(anonymous_35)","decl":{"start":{"line":156,"column":30},"end":{"line":156,"column":41}},"loc":{"start":{"line":156,"column":30},"end":{"line":156,"column":43}},"line":156},"36":{"name":"(anonymous_36)","decl":{"start":{"line":163,"column":24},"end":{"line":163,"column":37}},"loc":{"start":{"line":163,"column":24},"end":{"line":163,"column":39}},"line":163},"37":{"name":"(anonymous_37)","decl":{"start":{"line":164,"column":6},"end":{"line":164,"column":11}},"loc":{"start":{"line":186,"column":12},"end":{"line":182,"column":null}},"line":186},"38":{"name":"(anonymous_38)","decl":{"start":{"line":174,"column":35},"end":{"line":174,"column":38}},"loc":{"start":{"line":174,"column":26},"end":{"line":182,"column":null}},"line":174}},"branchMap":{"0":{"loc":{"start":{"line":260,"column":2},"end":{"line":260,"column":null}},"type":"if","locations":[{"start":{"line":260,"column":2},"end":{"line":260,"column":null}},{"start":{},"end":{}}],"line":260},"1":{"loc":{"start":{"line":261,"column":2},"end":{"line":261,"column":null}},"type":"if","locations":[{"start":{"line":261,"column":2},"end":{"line":261,"column":null}},{"start":{},"end":{}}],"line":261},"2":{"loc":{"start":{"line":266,"column":20},"end":{"line":266,"column":null}},"type":"cond-expr","locations":[{"start":{"line":266,"column":49},"end":{"line":266,"column":53}},{"start":{"line":266,"column":56},"end":{"line":266,"column":null}}],"line":266},"3":{"loc":{"start":{"line":266,"column":56},"end":{"line":266,"column":null}},"type":"cond-expr","locations":[{"start":{"line":266,"column":86},"end":{"line":266,"column":90}},{"start":{"line":266,"column":93},"end":{"line":266,"column":null}}],"line":266},"4":{"loc":{"start":{"line":268,"column":2},"end":{"line":268,"column":null}},"type":"if","locations":[{"start":{"line":268,"column":2},"end":{"line":268,"column":null}},{"start":{},"end":{}}],"line":268},"5":{"loc":{"start":{"line":269,"column":2},"end":{"line":269,"column":null}},"type":"if","locations":[{"start":{"line":269,"column":2},"end":{"line":269,"column":null}},{"start":{},"end":{}}],"line":269},"6":{"loc":{"start":{"line":275,"column":2},"end":{"line":275,"column":null}},"type":"if","locations":[{"start":{"line":275,"column":2},"end":{"line":275,"column":null}},{"start":{},"end":{}}],"line":275},"7":{"loc":{"start":{"line":276,"column":2},"end":{"line":276,"column":null}},"type":"if","locations":[{"start":{"line":276,"column":2},"end":{"line":276,"column":null}},{"start":{},"end":{}}],"line":276},"8":{"loc":{"start":{"line":282,"column":2},"end":{"line":282,"column":null}},"type":"if","locations":[{"start":{"line":282,"column":2},"end":{"line":282,"column":null}},{"start":{},"end":{}}],"line":282},"9":{"loc":{"start":{"line":283,"column":2},"end":{"line":283,"column":null}},"type":"if","locations":[{"start":{"line":283,"column":2},"end":{"line":283,"column":null}},{"start":{},"end":{}}],"line":283},"10":{"loc":{"start":{"line":288,"column":30},"end":{"line":288,"column":50}},"type":"default-arg","locations":[{"start":{"line":288,"column":45},"end":{"line":288,"column":50}}],"line":288},"11":{"loc":{"start":{"line":292,"column":2},"end":{"line":307,"column":null}},"type":"if","locations":[{"start":{"line":292,"column":2},"end":{"line":307,"column":null}},{"start":{},"end":{}}],"line":292},"12":{"loc":{"start":{"line":292,"column":6},"end":{"line":295,"column":65}},"type":"binary-expr","locations":[{"start":{"line":292,"column":6},"end":{"line":292,"column":19}},{"start":{"line":293,"column":6},"end":{"line":293,"column":29}},{"start":{"line":294,"column":6},"end":{"line":294,"column":34}},{"start":{"line":295,"column":6},"end":{"line":295,"column":65}}],"line":292},"13":{"loc":{"start":{"line":314,"column":4},"end":{"line":378,"column":null}},"type":"if","locations":[{"start":{"line":314,"column":4},"end":{"line":378,"column":null}},{"start":{"line":376,"column":11},"end":{"line":378,"column":null}}],"line":314},"14":{"loc":{"start":{"line":316,"column":37},"end":{"line":316,"column":null}},"type":"binary-expr","locations":[{"start":{"line":316,"column":37},"end":{"line":316,"column":70}},{"start":{"line":316,"column":74},"end":{"line":316,"column":null}}],"line":316},"15":{"loc":{"start":{"line":317,"column":30},"end":{"line":317,"column":null}},"type":"binary-expr","locations":[{"start":{"line":317,"column":30},"end":{"line":317,"column":56}},{"start":{"line":317,"column":60},"end":{"line":317,"column":null}}],"line":317},"16":{"loc":{"start":{"line":318,"column":29},"end":{"line":318,"column":null}},"type":"binary-expr","locations":[{"start":{"line":318,"column":29},"end":{"line":318,"column":54}},{"start":{"line":318,"column":58},"end":{"line":318,"column":null}}],"line":318},"17":{"loc":{"start":{"line":321,"column":31},"end":{"line":321,"column":null}},"type":"binary-expr","locations":[{"start":{"line":321,"column":31},"end":{"line":321,"column":58}},{"start":{"line":321,"column":62},"end":{"line":321,"column":null}}],"line":321},"18":{"loc":{"start":{"line":322,"column":30},"end":{"line":322,"column":null}},"type":"binary-expr","locations":[{"start":{"line":322,"column":30},"end":{"line":322,"column":56}},{"start":{"line":322,"column":60},"end":{"line":322,"column":null}}],"line":322},"19":{"loc":{"start":{"line":323,"column":31},"end":{"line":323,"column":null}},"type":"binary-expr","locations":[{"start":{"line":323,"column":31},"end":{"line":323,"column":58}},{"start":{"line":323,"column":62},"end":{"line":323,"column":null}}],"line":323},"20":{"loc":{"start":{"line":324,"column":29},"end":{"line":324,"column":null}},"type":"binary-expr","locations":[{"start":{"line":324,"column":29},"end":{"line":324,"column":54}},{"start":{"line":324,"column":58},"end":{"line":324,"column":null}}],"line":324},"21":{"loc":{"start":{"line":327,"column":36},"end":{"line":327,"column":null}},"type":"binary-expr","locations":[{"start":{"line":327,"column":36},"end":{"line":327,"column":68}},{"start":{"line":327,"column":72},"end":{"line":327,"column":null}}],"line":327},"22":{"loc":{"start":{"line":331,"column":6},"end":{"line":341,"column":null}},"type":"if","locations":[{"start":{"line":331,"column":6},"end":{"line":341,"column":null}},{"start":{"line":333,"column":13},"end":{"line":341,"column":null}}],"line":331},"23":{"loc":{"start":{"line":331,"column":10},"end":{"line":331,"column":67}},"type":"binary-expr","locations":[{"start":{"line":331,"column":10},"end":{"line":331,"column":29}},{"start":{"line":331,"column":33},"end":{"line":331,"column":67}}],"line":331},"24":{"loc":{"start":{"line":435,"column":2},"end":{"line":435,"column":null}},"type":"if","locations":[{"start":{"line":435,"column":2},"end":{"line":435,"column":null}},{"start":{},"end":{}}],"line":435},"25":{"loc":{"start":{"line":436,"column":2},"end":{"line":436,"column":null}},"type":"if","locations":[{"start":{"line":436,"column":2},"end":{"line":436,"column":null}},{"start":{},"end":{}}],"line":436},"26":{"loc":{"start":{"line":447,"column":17},"end":{"line":447,"column":null}},"type":"cond-expr","locations":[{"start":{"line":447,"column":31},"end":{"line":447,"column":42}},{"start":{"line":447,"column":45},"end":{"line":447,"column":null}}],"line":447},"27":{"loc":{"start":{"line":447,"column":45},"end":{"line":447,"column":null}},"type":"cond-expr","locations":[{"start":{"line":447,"column":59},"end":{"line":447,"column":65}},{"start":{"line":447,"column":68},"end":{"line":447,"column":null}}],"line":447},"28":{"loc":{"start":{"line":453,"column":2},"end":{"line":453,"column":null}},"type":"if","locations":[{"start":{"line":453,"column":2},"end":{"line":453,"column":null}},{"start":{},"end":{}}],"line":453},"29":{"loc":{"start":{"line":479,"column":6},"end":{"line":483,"column":null}},"type":"if","locations":[{"start":{"line":479,"column":6},"end":{"line":483,"column":null}},{"start":{"line":481,"column":13},"end":{"line":483,"column":null}}],"line":479},"30":{"loc":{"start":{"line":501,"column":2},"end":{"line":503,"column":null}},"type":"if","locations":[{"start":{"line":501,"column":2},"end":{"line":503,"column":null}},{"start":{},"end":{}}],"line":501},"31":{"loc":{"start":{"line":518,"column":2},"end":{"line":520,"column":null}},"type":"if","locations":[{"start":{"line":518,"column":2},"end":{"line":520,"column":null}},{"start":{},"end":{}}],"line":518},"32":{"loc":{"start":{"line":4,"column":6},"end":{"line":7,"column":11}},"type":"binary-expr","locations":[{"start":{"line":4,"column":6},"end":{"line":4,"column":10}},{"start":{"line":4,"column":6},"end":{"line":7,"column":11}}],"line":4},"33":{"loc":{"start":{"line":9,"column":28},"end":{"line":9,"column":40}},"type":"binary-expr","locations":[{"start":{"line":9,"column":28},"end":{"line":9,"column":37}},{"start":{"line":9,"column":28},"end":{"line":9,"column":40}}],"line":9},"34":{"loc":{"start":{"line":14,"column":30},"end":{"line":14,"column":55}},"type":"binary-expr","locations":[{"start":{"line":14,"column":30},"end":{"line":14,"column":32}},{"start":{"line":14,"column":30},"end":{"line":14,"column":55}}],"line":14},"35":{"loc":{"start":{"line":15,"column":40},"end":{"line":17,"column":20}},"type":"binary-expr","locations":[{"start":{"line":15,"column":40},"end":{"line":15,"column":null}},{"start":{"line":15,"column":40},"end":{"line":17,"column":20}}],"line":15},"36":{"loc":{"start":{"line":23,"column":56},"end":{"line":23,"column":108}},"type":"binary-expr","locations":[{"start":{"line":23,"column":56},"end":{"line":23,"column":58}},{"start":{"line":23,"column":56},"end":{"line":23,"column":108}}],"line":23},"37":{"loc":{"start":{"line":27,"column":12},"end":{"line":27,"column":72}},"type":"binary-expr","locations":[{"start":{"line":27,"column":12},"end":{"line":27,"column":15}},{"start":{"line":27,"column":12},"end":{"line":27,"column":72}}],"line":27},"38":{"loc":{"start":{"line":34,"column":22},"end":{"line":35,"column":103}},"type":"cond-expr","locations":[{"start":{"line":34,"column":10},"end":{"line":34,"column":69}},{"start":{"line":35,"column":10},"end":{"line":35,"column":103}}],"line":34},"39":{"loc":{"start":{"line":36,"column":10},"end":{"line":36,"column":53}},"type":"binary-expr","locations":[{"start":{"line":36,"column":10},"end":{"line":36,"column":16}},{"start":{"line":36,"column":10},"end":{"line":36,"column":53}}],"line":36},"40":{"loc":{"start":{"line":39,"column":25},"end":{"line":40,"column":73}},"type":"cond-expr","locations":[{"start":{"line":39,"column":10},"end":{"line":39,"column":65}},{"start":{"line":40,"column":30},"end":{"line":40,"column":73}}],"line":39},"41":{"loc":{"start":{"line":40,"column":30},"end":{"line":40,"column":73}},"type":"cond-expr","locations":[{"start":{"line":40,"column":10},"end":{"line":40,"column":73}}],"line":40},"42":{"loc":{"start":{"line":47,"column":10},"end":{"line":47,"column":51}},"type":"binary-expr","locations":[{"start":{"line":47,"column":10},"end":{"line":47,"column":16}},{"start":{"line":47,"column":10},"end":{"line":47,"column":51}}],"line":47},"43":{"loc":{"start":{"line":51,"column":56},"end":{"line":51,"column":108}},"type":"binary-expr","locations":[{"start":{"line":51,"column":56},"end":{"line":51,"column":58}},{"start":{"line":51,"column":56},"end":{"line":51,"column":108}}],"line":51},"44":{"loc":{"start":{"line":55,"column":12},"end":{"line":55,"column":70}},"type":"binary-expr","locations":[{"start":{"line":55,"column":12},"end":{"line":55,"column":15}},{"start":{"line":55,"column":12},"end":{"line":55,"column":70}}],"line":55},"45":{"loc":{"start":{"line":62,"column":22},"end":{"line":63,"column":109}},"type":"cond-expr","locations":[{"start":{"line":62,"column":10},"end":{"line":62,"column":69}},{"start":{"line":63,"column":10},"end":{"line":63,"column":109}}],"line":62},"46":{"loc":{"start":{"line":64,"column":10},"end":{"line":64,"column":54}},"type":"binary-expr","locations":[{"start":{"line":64,"column":10},"end":{"line":64,"column":16}},{"start":{"line":64,"column":10},"end":{"line":64,"column":54}}],"line":64},"47":{"loc":{"start":{"line":68,"column":10},"end":{"line":68,"column":27}},"type":"binary-expr","locations":[{"start":{"line":68,"column":10},"end":{"line":68,"column":16}},{"start":{"line":68,"column":10},"end":{"line":68,"column":27}}],"line":68},"48":{"loc":{"start":{"line":75,"column":56},"end":{"line":75,"column":105}},"type":"binary-expr","locations":[{"start":{"line":75,"column":56},"end":{"line":75,"column":58}},{"start":{"line":75,"column":56},"end":{"line":75,"column":105}}],"line":75},"49":{"loc":{"start":{"line":77,"column":10},"end":{"line":79,"column":72}},"type":"binary-expr","locations":[{"start":{"line":77,"column":10},"end":{"line":77,"column":15}},{"start":{"line":77,"column":10},"end":{"line":79,"column":72}}],"line":77},"50":{"loc":{"start":{"line":86,"column":22},"end":{"line":87,"column":97}},"type":"cond-expr","locations":[{"start":{"line":86,"column":10},"end":{"line":86,"column":69}},{"start":{"line":87,"column":10},"end":{"line":87,"column":97}}],"line":86},"51":{"loc":{"start":{"line":88,"column":10},"end":{"line":88,"column":53}},"type":"binary-expr","locations":[{"start":{"line":88,"column":10},"end":{"line":88,"column":16}},{"start":{"line":88,"column":10},"end":{"line":88,"column":53}}],"line":88},"52":{"loc":{"start":{"line":90,"column":42},"end":{"line":90,"column":null}},"type":"cond-expr","locations":[{"start":{"line":90,"column":55},"end":{"line":90,"column":77}},{"start":{"line":90,"column":77},"end":{"line":90,"column":null}}],"line":90},"53":{"loc":{"start":{"line":90,"column":77},"end":{"line":90,"column":null}},"type":"cond-expr","locations":[{"start":{"line":90,"column":90},"end":{"line":90,"column":null}},{"start":{"line":90,"column":90},"end":{"line":90,"column":null}}],"line":90},"54":{"loc":{"start":{"line":100,"column":55},"end":{"line":100,"column":100}},"type":"binary-expr","locations":[{"start":{"line":100,"column":55},"end":{"line":100,"column":57}},{"start":{"line":100,"column":55},"end":{"line":100,"column":100}}],"line":100},"55":{"loc":{"start":{"line":104,"column":12},"end":{"line":104,"column":69}},"type":"binary-expr","locations":[{"start":{"line":104,"column":12},"end":{"line":104,"column":15}},{"start":{"line":104,"column":12},"end":{"line":104,"column":69}}],"line":104},"56":{"loc":{"start":{"line":111,"column":22},"end":{"line":112,"column":102}},"type":"cond-expr","locations":[{"start":{"line":111,"column":10},"end":{"line":111,"column":69}},{"start":{"line":112,"column":10},"end":{"line":112,"column":102}}],"line":111},"57":{"loc":{"start":{"line":113,"column":10},"end":{"line":113,"column":53}},"type":"binary-expr","locations":[{"start":{"line":113,"column":10},"end":{"line":113,"column":16}},{"start":{"line":113,"column":10},"end":{"line":113,"column":53}}],"line":113},"58":{"loc":{"start":{"line":115,"column":42},"end":{"line":115,"column":null}},"type":"cond-expr","locations":[{"start":{"line":115,"column":60},"end":{"line":115,"column":null}},{"start":{"line":115,"column":60},"end":{"line":115,"column":null}}],"line":115},"59":{"loc":{"start":{"line":120,"column":12},"end":{"line":120,"column":90}},"type":"binary-expr","locations":[{"start":{"line":120,"column":12},"end":{"line":120,"column":20}},{"start":{"line":120,"column":12},"end":{"line":120,"column":90}}],"line":120},"60":{"loc":{"start":{"line":124,"column":23},"end":{"line":124,"column":null}},"type":"cond-expr","locations":[{"start":{"line":124,"column":41},"end":{"line":124,"column":null}},{"start":{"line":124,"column":41},"end":{"line":124,"column":null}}],"line":124},"61":{"loc":{"start":{"line":137,"column":24},"end":{"line":137,"column":43}},"type":"binary-expr","locations":[{"start":{"line":137,"column":24},"end":{"line":137,"column":41}},{"start":{"line":137,"column":24},"end":{"line":137,"column":43}}],"line":137},"62":{"loc":{"start":{"line":147,"column":12},"end":{"line":147,"column":50}},"type":"binary-expr","locations":[{"start":{"line":147,"column":12},"end":{"line":147,"column":18}},{"start":{"line":147,"column":12},"end":{"line":147,"column":50}}],"line":147},"63":{"loc":{"start":{"line":148,"column":30},"end":{"line":148,"column":44}},"type":"binary-expr","locations":[{"start":{"line":148,"column":30},"end":{"line":148,"column":42}},{"start":{"line":148,"column":30},"end":{"line":148,"column":44}}],"line":148},"64":{"loc":{"start":{"line":151,"column":12},"end":{"line":151,"column":50}},"type":"binary-expr","locations":[{"start":{"line":151,"column":12},"end":{"line":151,"column":18}},{"start":{"line":151,"column":12},"end":{"line":151,"column":50}}],"line":151},"65":{"loc":{"start":{"line":152,"column":30},"end":{"line":152,"column":45}},"type":"binary-expr","locations":[{"start":{"line":152,"column":30},"end":{"line":152,"column":43}},{"start":{"line":152,"column":30},"end":{"line":152,"column":45}}],"line":152},"66":{"loc":{"start":{"line":155,"column":12},"end":{"line":155,"column":50}},"type":"binary-expr","locations":[{"start":{"line":155,"column":12},"end":{"line":155,"column":18}},{"start":{"line":155,"column":12},"end":{"line":155,"column":50}}],"line":155},"67":{"loc":{"start":{"line":156,"column":30},"end":{"line":156,"column":43}},"type":"binary-expr","locations":[{"start":{"line":156,"column":30},"end":{"line":156,"column":41}},{"start":{"line":156,"column":30},"end":{"line":156,"column":43}}],"line":156},"68":{"loc":{"start":{"line":163,"column":24},"end":{"line":163,"column":39}},"type":"binary-expr","locations":[{"start":{"line":163,"column":24},"end":{"line":163,"column":37}},{"start":{"line":163,"column":24},"end":{"line":163,"column":39}}],"line":163},"69":{"loc":{"start":{"line":181,"column":22},"end":{"line":181,"column":null}},"type":"cond-expr","locations":[{"start":{"line":181,"column":50},"end":{"line":181,"column":null}},{"start":{"line":181,"column":50},"end":{"line":181,"column":null}}],"line":181}},"s":{"0":16,"1":16,"2":16,"3":16,"4":16,"5":16,"6":16,"7":16,"8":16,"9":16,"10":16,"11":16,"12":16,"13":16,"14":16,"15":16,"16":16,"17":16,"18":16,"19":16,"20":16,"21":16,"22":0,"23":0,"24":0,"25":16,"26":16,"27":16,"28":16,"29":16,"30":0,"31":0,"32":0,"33":16,"34":16,"35":16,"36":16,"37":0,"38":0,"39":0,"40":16,"41":16,"42":16,"43":0,"44":16,"45":16,"46":0,"47":16,"48":16,"49":16,"50":0,"51":0,"52":0,"53":0,"54":0,"55":0,"56":0,"57":0,"58":0,"59":0,"60":0,"61":16,"62":16,"63":16,"64":16,"65":16,"66":16,"67":16,"68":16,"69":16,"70":16,"71":16,"72":16,"73":16,"74":16,"75":0,"76":16,"77":16,"78":16,"79":16,"80":16,"81":16,"82":16,"83":16,"84":16,"85":16,"86":16,"87":16,"88":16,"89":0,"90":0,"91":0,"92":0,"93":0,"94":0,"95":0,"96":0,"97":0,"98":0,"99":0,"100":0,"101":0,"102":0,"103":0,"104":0,"105":0,"106":0,"107":0,"108":0,"109":0,"110":16,"111":16,"112":0,"113":0,"114":0,"115":0,"116":16,"117":33,"118":33,"119":0,"120":0,"121":16,"122":3,"123":1,"124":2,"125":2,"126":1,"127":16,"128":1,"129":1,"130":1,"131":16,"132":16,"133":0,"134":16,"135":16,"136":16,"137":16,"138":16,"139":16,"140":16,"141":16,"142":16,"143":0,"144":0,"145":0,"146":0,"147":0,"148":0,"149":0,"150":0,"151":0,"152":0,"153":0,"154":0,"155":0,"156":0,"157":0,"158":0,"159":16,"160":16,"161":0,"162":0,"163":0,"164":0,"165":16,"166":16,"167":16,"168":16,"169":0,"170":0,"171":1,"172":1,"173":1,"174":1,"175":1,"176"
[...]
43,"column":3}},"line":26},"2":{"name":"(anonymous_2)","decl":{"start":{"line":27,"column":20},"end":{"line":27,"column":25}},"loc":{"start":{"line":27,"column":29},"end":{"line":42,"column":5}},"line":27},"3":{"name":"loadImage","decl":{"start":{"line":53,"column":9},"end":{"line":53,"column":18}},"loc":{"start":{"line":53,"column":24},"end":{"line":79,"column":1}},"line":53},"4":{"name":"(anonymous_4)","decl":{"start":{"line":61,"column":21},"end":{"line":61,"column":22}},"loc":{"start":{"line":61,"column":27},"end":{"line":70,"column":5}},"line":61},"5":{"name":"(anonymous_5)","decl":{"start":{"line":72,"column":22},"end":{"line":72,"column":23}},"loc":{"start":{"line":72,"column":28},"end":{"line":75,"column":5}},"line":72},"6":{"name":"loadBackgroundImage","decl":{"start":{"line":85,"column":9},"end":{"line":85,"column":28}},"loc":{"start":{"line":85,"column":38},"end":{"line":104,"column":1}},"line":85},"7":{"name":"(anonymous_7)","decl":{"start":{"line":91,"column":21},"end":{"line":91,"column":22}},"loc":{"start":{"line":91,"column":27},"end":{"line":95,"column":5}},"line":91},"8":{"name":"(anonymous_8)","decl":{"start":{"line":97,"column":22},"end":{"line":97,"column":23}},"loc":{"start":{"line":97,"column":28},"end":{"line":100,"column":5}},"line":97},"9":{"name":"initLazyLoad","decl":{"start":{"line":112,"column":16},"end":{"line":112,"column":28}},"loc":{"start":{"line":112,"column":83},"end":{"line":123,"column":1}},"line":112},"10":{"name":"(anonymous_10)","decl":{"start":{"line":116,"column":19},"end":{"line":116,"column":26}},"loc":{"start":{"line":116,"column":30},"end":{"line":120,"column":3}},"line":116},"11":{"name":"preloadResource","decl":{"start":{"line":142,"column":16},"end":{"line":142,"column":31}},"loc":{"start":{"line":142,"column":58},"end":{"line":167,"column":1}},"line":142},"12":{"name":"prefetchResource","decl":{"start":{"line":173,"column":16},"end":{"line":173,"column":32}},"loc":{"start":{"line":173,"column":39},"end":{"line":182,"column":1}},"line":173},"13":{"name":"preconnect","decl":{"start":{"line":189,"column":16},"end":{"line":189,"column":26}},"loc":{"start":{"line":189,"column":56},"end":{"line":201,"column":1}},"line":189},"14":{"name":"dnsPrefetch","decl":{"start":{"line":207,"column":16},"end":{"line":207,"column":27}},"loc":{"start":{"line":207,"column":36},"end":{"line":216,"column":1}},"line":207},"15":{"name":"preloadResources","decl":{"start":{"line":222,"column":16},"end":{"line":222,"column":32}},"loc":{"start":{"line":222,"column":44},"end":{"line":232,"column":1}},"line":222},"16":{"name":"(anonymous_16)","decl":{"start":{"line":223,"column":20},"end":{"line":223,"column":28}},"loc":{"start":{"line":223,"column":32},"end":{"line":231,"column":3}},"line":223},"17":{"name":"detectResourceType","decl":{"start":{"line":239,"column":9},"end":{"line":239,"column":27}},"loc":{"start":{"line":239,"column":33},"end":{"line":259,"column":1}},"line":239},"18":{"name":"optimizeFontLoading","decl":{"start":{"line":277,"column":16},"end":{"line":277,"column":35}},"loc":{"start":{"line":277,"column":50},"end":{"line":299,"column":1}},"line":277},"19":{"name":"(anonymous_19)","decl":{"start":{"line":281,"column":30},"end":{"line":281,"column":34}},"loc":{"start":{"line":281,"column":38},"end":{"line":286,"column":3}},"line":281},"20":{"name":"isFontLoaded","decl":{"start":{"line":306,"column":22},"end":{"line":306,"column":34}},"loc":{"start":{"line":306,"column":47},"end":{"line":316,"column":1}},"line":306},"21":{"name":"waitForFonts","decl":{"start":{"line":324,"column":22},"end":{"line":324,"column":34}},"loc":{"start":{"line":324,"column":65},"end":{"line":341,"column":1}},"line":324},"22":{"name":"(anonymous_22)","decl":{"start":{"line":327,"column":36},"end":{"line":327,"column":40}},"loc":{"start":{"line":328,"column":4},"end":{"line":328,"column":41}},"line":328},"23":{"name":"(anonymous_23)","decl":{"start":{"line":334,"column":18},"end":{"line":334,"column":19}},"loc":{"start":{"line":335,"column":8},"end":{"line":335,"column":62}},"line":335},"24":{"name":"(anonymous_24)","decl":{"start":{"line":335,"column":19},"end":{"line":335,"column":20}},"loc":{"start":{"line":335,"column":25},"end":{"line":335,"column":52}},"line":335},"25":{"name":"(anonymous_25)","decl":{"start":{"line":347,"column":2},"end":{"line":347,"column":13}},"loc":{"start":{"line":347,"column":16},"end":{"line":350,"column":3}},"line":347},"26":{"name":"(anonymous_26)","decl":{"start":{"line":356,"column":2},"end":{"line":356,"column":17}},"loc":{"start":{"line":356,"column":29},"end":{"line":363,"column":3}},"line":356},"27":{"name":"(anonymous_27)","decl":{"start":{"line":357,"column":22},"end":{"line":357,"column":30}},"loc":{"start":{"line":357,"column":34},"end":{"line":362,"column":5}},"line":357},"28":{"name":"(anonymous_28)","decl":{"start":{"line":369,"column":2},"end":{"line":369,"column":21}},"loc":{"start":{"line":369,"column":28},"end":{"line":385,"column":3}},"line":369},"29":{"name":"(anonymous_29)","decl":{"start":{"line":371,"column":21},"end":{"line":371,"column":22}},"loc":{"start":{"line":371,"column":27},"end":{"line":378,"column":5}},"line":371},"30":{"name":"(anonymous_30)","decl":{"start":{"line":372,"column":19},"end":{"line":372,"column":22}},"loc":{"start":{"line":372,"column":26},"end":{"line":377,"column":7}},"line":372},"31":{"name":"(anonymous_31)","decl":{"start":{"line":391,"column":2},"end":{"line":391,"column":19}},"loc":{"start":{"line":391,"column":29},"end":{"line":396,"column":3}},"line":391},"32":{"name":"(anonymous_32)","decl":{"start":{"line":392,"column":20},"end":{"line":392,"column":26}},"loc":{"start":{"line":392,"column":30},"end":{"line":395,"column":5}},"line":392},"33":{"name":"initResourceOptimization","decl":{"start":{"line":408,"column":16},"end":{"line":408,"column":40}},"loc":{"start":{"line":408,"column":55},"end":{"line":434,"column":1}},"line":408}},"branchMap":{"0":{"loc":{"start":{"line":23,"column":39},"end":{"line":23,"column":51}},"type":"default-arg","locations":[{"start":{"line":23,"column":49},"end":{"line":23,"column":51}}],"line":23},"1":{"loc":{"start":{"line":28,"column":6},"end":{"line":41,"column":7}},"type":"if","locations":[{"start":{"line":28,"column":6},"end":{"line":41,"column":7}},{"start":{},"end":{}}],"line":28},"2":{"loc":{"start":{"line":32,"column":8},"end":{"line":38,"column":9}},"type":"if","locations":[{"start":{"line":32,"column":8},"end":{"line":38,"column":9}},{"start":{"line":36,"column":13},"end":{"line":38,"column":9}}],"line":32},"3":{"loc":{"start":{"line":36,"column":13},"end":{"line":38,"column":9}},"type":"if","locations":[{"start":{"line":36,"column":13},"end":{"line":38,"column":9}},{"start":{},"end":{}}],"line":36},"4":{"loc":{"start":{"line":57,"column":2},"end":{"line":78,"column":3}},"type":"if","locations":[{"start":{"line":57,"column":2},"end":{"line":78,"column":3}},{"start":{},"end":{}}],"line":57},"5":{"loc":{"start":{"line":63,"column":6},"end":{"line":65,"column":7}},"type":"if","locations":[{"start":{"line":63,"column":6},"end":{"line":65,"column":7}},{"start":{},"end":{}}],"line":63},"6":{"loc":{"start":{"line":88,"column":2},"end":{"line":103,"column":3}},"type":"if","locations":[{"start":{"line":88,"column":2},"end":{"line":103,"column":3}},{"start":{},"end":{}}],"line":88},"7":{"loc":{"start":{"line":112,"column":29},"end":{"line":112,"column":67}},"type":"default-arg","locations":[{"start":{"line":112,"column":40},"end":{"line":112,"column":67}}],"line":112},"8":{"loc":{"start":{"line":112,"column":69},"end":{"line":112,"column":81}},"type":"default-arg","locations":[{"start":{"line":112,"column":79},"end":{"line":112,"column":81}}],"line":112},"9":{"loc":{"start":{"line":142,"column":44},"end":{"line":142,"column":56}},"type":"default-arg","locations":[{"start":{"line":142,"column":54},"end":{"line":142,"column":56}}],"line":142},"10":{"loc":{"start":{"line":145,"column":2},"end":{"line":145,"column":31}},"type":"if","locations":[{"start":{"line":145,"column":2},"end":{"line":145,"column":31}},{"start":{},"end":{}}],"line":145},"11":{"loc":{"start":{"line":153,"column":2},"end":{"line":155,"column":3}},"type":"if","locations":[{"start":{"line":153,"column":2},"end":{"line":155,"column":3}},{"start":{},"end":{}}],"line":153},"12":{"loc":{"start":{"line":158,"column":2},"end":{"line":160,"column":3}},"type":"if","locations":[{"start":{"line":158,"column":2},"end":{"line":160,"column":3}},{"start":{},"end":{}}],"line":158},"13":{"loc":{"start":{"line":161,"column":2},"end":{"line":163,"column":3}},"type":"if","locations":[{"start":{"line":161,"column":2},"end":{"line":163,"column":3}},{"start":{},"end":{}}],"line":161},"14":{"loc":{"start":{"line":175,"column":2},"end":{"line":175,"column":31}},"type":"if","locations":[{"start":{"line":175,"column":2},"end":{"line":175,"column":31}},{"start":{},"end":{}}],"line":175},"15":{"loc":{"start":{"line":189,"column":35},"end":{"line":189,"column":54}},"type":"default-arg","locations":[{"start":{"line":189,"column":49},"end":{"line":189,"column":54}}],"line":189},"16":{"loc":{"start":{"line":191,"column":2},"end":{"line":191,"column":31}},"type":"if","locations":[{"start":{"line":191,"column":2},"end":{"line":191,"column":31}},{"start":{},"end":{}}],"line":191},"17":{"loc":{"start":{"line":196,"column":2},"end":{"line":198,"column":3}},"type":"if","locations":[{"start":{"line":196,"column":2},"end":{"line":198,"column":3}},{"start":{},"end":{}}],"line":196},"18":{"loc":{"start":{"line":209,"column":2},"end":{"line":209,"column":31}},"type":"if","locations":[{"start":{"line":209,"column":2},"end":{"line":209,"column":31}},{"start":{},"end":{}}],"line":209},"19":{"loc":{"start":{"line":224,"column":4},"end":{"line":230,"column":5}},"type":"if","locations":[{"start":{"line":224,"column":4},"end":{"line":230,"column":5}},{"start":{"line":228,"column":11},"end":{"line":230,"column":5}}],"line":224},"20":{"loc":{"start":{"line":258,"column":9},"end":{"line":258,"column":42}},"type":"binary-expr","locations":[{"start":{"line":258,"column":9},"end":{"line":258,"column":21}},{"start":{"line":258,"column":25},"end":{"line":258,"column":42}}],"line":258},"21":{"loc":{"start":{"line":277,"column":36},"end":{"line":277,"column":48}},"type":"default-arg","locations":[{"start":{"line":277,"column":46},"end":{"line":277,"column":48}}],"line":277},"22":{"loc":{"start":{"line":283,"column":12},"end":{"line":283,"column":37}},"type":"binary-expr","locations":[{"start":{"line":283,"column":12},"end":{"line":283,"column":21}},{"start":{"line":283,"column":25},"end":{"line":283,"column":37}}],"line":283},"23":{"loc":{"start":{"line":289,"column":2},"end":{"line":298,"column":3}},"type":"if","locations":[{"start":{"line":289,"column":2},"end":{"line":298,"column":3}},{"start":{},"end":{}}],"line":289},"24":{"loc":{"start":{"line":307,"column":2},"end":{"line":314,"column":3}},"type":"if","locations":[{"start":{"line":307,"column":2},"end":{"line":314,"column":3}},{"start":{},"end":{}}],"line":307},"25":{"loc":{"start":{"line":324,"column":49},"end":{"line":324,"column":63}},"type":"default-arg","locations":[{"start":{"line":324,"column":59},"end":{"line":324,"column":63}}],"line":324},"26":{"loc":{"start":{"line":325,"column":2},"end":{"line":325,"column":36}},"type":"if","locations":[{"start":{"line":325,"column":2},"end":{"line":325,"column":36}},{"start":{},"end":{}}],"line":325},"27":{"loc":{"start":{"line":358,"column":6},"end":{"line":361,"column":7}},"type":"if","locations":[{"start":{"line":358,"column":6},"end":{"line":361,"column":7}},{"start":{},"end":{}}],"line":358},"28":{"loc":{"start":{"line":373,"column":8},"end":{"line":376,"column":9}},"type":"if","locations":[{"start":{"line":373,"column":8},"end":{"line":376,"column":9}},{"start":{},"end":{}}],"line":373},"29":{"loc":{"start":{"line":380,"column":4},"end":{"line":384,"column":5}},"type":"if","locations":[{"start":{"line":380,"column":4},"end":{"line":384,"column":5}},{"start":{"line":382,"column":11},"end":{"line":384,"column":5}}],"line":380},"30":{"loc":{"start":{"line":408,"column":41},"end":{"line":408,"column":53}},"type":"default-arg","locations":[{"start":{"line":408,"column":51},"end":{"line":408,"column":53}}],"line":408},"31":{"loc":{"start":{"line":410,"column":4},"end":{"line":410,"column":50}},"type":"default-arg","locations":[{"start":{"line":410,"column":23},"end":{"line":410,"column":50}}],"line":410},"32":{"loc":{"start":{"line":411,"column":4},"end":{"line":411,"column":21}},"type":"default-arg","locations":[{"start":{"line":411,"column":19},"end":{"line":411,"column":21}}],"line":411},"33":{"loc":{"start":{"line":412,"column":4},"end":{"line":412,"column":26}},"type":"default-arg","locations":[{"start":{"line":412,"column":24},"end":{"line":412,"column":26}}],"line":412},"34":{"loc":{"start":{"line":413,"column":4},"end":{"line":413,"column":23}},"type":"default-arg","locations":[{"start":{"line":413,"column":21},"end":{"line":413,"column":23}}],"line":413},"35":{"loc":{"start":{"line":426,"column":2},"end":{"line":428,"column":3}},"type":"if","locations":[{"start":{"line":426,"column":2},"end":{"line":428,"column":3}},{"start":{},"end":{}}],"line":426}},"s":{"0":1,"1":6,"2":6,"3":0,"4":0,"5":0,"6":0,"7":0,"8":0,"9":0,"10":0,"11":0,"12":0,"13":0,"14":0,"15":0,"16":0,"17":0,"18":0,"19":0,"20":0,"21":0,"22":0,"23":0,"24":0,"25":0,"26":0,"27":0,"28":0,"29":0,"30":0,"31":0,"32":0,"33":0,"34":0,"35":0,"36":0,"37":0,"38":4,"39":4,"40":4,"41":2,"42":2,"43":4,"44":1,"45":15,"46":15,"47":1,"48":14,"49":14,"50":14,"51":14,"52":14,"53":3,"54":14,"55":2,"56":14,"57":1,"58":14,"59":14,"60":4,"61":4,"62":1,"63":3,"64":3,"65":3,"66":3,"67":3,"68":7,"69":7,"70":1,"71":6,"72":6,"73":6,"74":6,"75":4,"76":6,"77":6,"78":6,"79":6,"80":1,"81":5,"82":5,"83":5,"84":5,"85":5,"86":2,"87":5,"88":3,"89":3,"90":2,"91":3,"92":3,"93":3,"94":1,"95":6,"96":6,"97":1,"98":6,"99":5,"100":5,"101":5,"102":5,"103":1,"104":0,"105":0,"106":0,"107":0,"108":1,"109":1,"110":1,"111":0,"112":0,"113":0,"114":0,"115":0,"116":0,"117":0,"118":5,"119":5,"120":3,"121":3,"122":2,"123":2,"124":1,"125":1,"126":1,"127":1,"128":1,"129":1,"130":1,"131":0,"132":3,"133":3,"134":3,"135":1,"136":2,"137":2,"138":2,"139":2,"140":2,"141":0,"142":2},"f":{"0":6,"1":0,"2":0,"3":0,"4":0,"5":0,"6":0,"7":0,"8":0,"9":4,"10":2,"11":15,"12":4,"13":7,"14":6,"15":2,"16":5,"17":3,"18":6,"19":1,"20":1,"21":1,"22":0,"23":0,"24":0,"25":5,"26":3,"27":3,"28":1,"29":1,"30":1,"31":3,"32":3,"33":2},"b":{"0":[6],"1":[0,0],"2":[0,0],"3":[0,0],"4":[0,0],"5":[0,0],"6":[0,0],"7":[4],"8":[4],"9":[15],"10":[1,14],"11":[3,11],"12":[2,12],"13":[1,13],"14":[1,3],"15":[7],"16":[1,6],"17":[4,2],"18":[1,5],"19":[3,2],"20":[3,0],"21":[6],"22":[1,0],"23":[5,1],"24":[0,1],"25":[1],"26":[1,0],"27":[2,1],"28":[1,0],"29":[1,0],"30":[2],"31":[2],"32":[2],"33":[2],"34":[2],"35":[0,2]},"meta":{"lastBranch":36,"lastFunction":34,"lastStatement":143,"seen":{"s:9:30:16:1":0,"f:23:16:23:38":0,"b:23:49:23:51":0,"s:24:17:24:50":1,"s:26:2:46:4":2,"f:26:34:26:35":1,"s:27:4:42:6":3,"f:27:20:27:25":2,"b:28:6:41:7:undefined:undefined:undefined:undefined":1,"s:28:6:41:7":4,"s:29:24:29:36":5,"b:32:8:38:9:36:13:38:9":2,"s:32:8:38:9":6,"s:33:10:33:28":7,"b:36:13:38:9:undefined:undefined:undefined:undefined":3,"s:36:13:38:9":8,"s:37:10:37:38":9,"s:40:8:40:35":10,"f:53:9:53:18":3,"s:54:14:54:29":11,"s:55:17:55:35":12,"b:57:2:78:3:undefined:undefined:undefined:undefined":4,"s:57:2:78:3":13,"s:59:20:59:31":14,"s:61:4:70:5":15,"f:61:21:61:22":4,"s:62:6:62:19":16,"b:63:6:65:7:undefined:undefined:undefined:undefined":5,"s:63:6:65:7":17,"s:64:8:64:27":18,"s:66:6:66:38":19,"s:67:6:67:40":20,"s:68:6:68:37":21,"s:69:6:69:40":22,"s:72:4:75:5":23,"f:72:22:72:23":5,"s:73:6:73:37":24,"s:74:6:74:34":25,"s:77:4:77:21":26,"f:85:9:85:28":6,"s:86:16:86:37":27,"b:88:2:103:3:undefined:undefined:undefined:undefined":6,"s:88:2:103:3":28,"s:89:20:89:31":29,"s:91:4:95:5":30,"f:91:21:91:22":7,"s:92:6:92:53":31,"s:93:6:93:42":32,"s:94:6:94:44":33,"s:97:4:100:5":34,"f:97:22:97:23":8,"s:98:6:98:41":35,"s:99:6:99:38":36,"s:102:4:102:23":37,"f:112:16:112:28":9,"b:112:40:112:67":7,"b:112:79:112:81":8,"s:113:19:113:50":38,"s:114:19:114:54":39,"s:116:2:120:4":40,"f:116:19:116:26":10,"s:118:4:118:39":41,"s:119:4:119:29":42,"s:122:2:122:17":43,"s:128:27:134:1":44,"f:142:16:142:31":11,"b:142:54:142:56":9,"s:144:19:144:80":45,"b:145:2:145:31:undefined:undefined:undefined:undefined":10,"s:145:2:145:31":46,"s:145:16:145:31":47,"s:147:15:147:45":48,"s:148:2:148:22":49,"s:149:2:149:18":50,"s:150:2:150:16":51,"b:153:2:155:3:undefined:undefined:undefined:undefined":11,"s:153:2:155:3":52,"s:154:4:154:34":53,"b:158:2:160:3:undefined:undefined:undefined:undefined":12,"s:158:2:160:3":54,"s:159:4:159:42":55,"b:161:2:163:3:undefined:undefined:undefined:undefined":13,"s:161:2:163:3":56,"s:162:4:162:28":57,"s:165:2:165:33":58,"s:166:2:166:13":59,"f:173:16:173:32":12,"s:174:19:174:81":60,"b:175:2:175:31:undefined:undefined:undefined:undefined":14,"s:175:2:175:31":61,"s:175:16:175:31":62,"s:177:15:177:45":63,"s:178:2:178:23":64,"s:179:2:179:18":65,"s:180:2:180:33":66,"s:181:2:181:13":67,"f:189:16:189:26":13,"b:189:49:189:54":15,"s:190:19:190:85":68,"b:191:2:191:31:undefined:undefined:undefined:undefined":16,"s:191:2:191:31":69,"s:191:16:191:31":70,"s:193:15:193:45":71,"s:194:2:194:25":72,"s:195:2:195:20":73,"b:196:2:198:3:undefined:undefined:undefined:undefined":17,"s:196:2:198:3":74,"s:197:4:197:34":75,"s:199:2:199:33":76,"s:200:2:200:13":77,"f:207:16:207:27":14,"s:208:19:208:87":78,"b:209:2:209:31:undefined:undefined:undefined:undefined":18,"s:209:2:209:31":79,"s:209:16:209:31":80,"s:211:15:211:45":81,"s:212:2:212:27":82,"s:213:2:213:20":83,"s:214:2:214:33":84,"s:215:2:215:13":85,"f:222:16:222:32":15,"s:223:2:231:4":86,"f:223:20:223:28":16,"b:224:4:230:5:228:11:230:5":19,"s:224:4:230:5":87,"s:226:19:226:47":88,"s:227:6:227:37":89,"s:229:6:229:69":90,"f:239:9:239:27":17,"s:240:14:240:62":91,"s:242:18:256:3":92,"s:258:2:258:42":93,"b:258:9:258:21:258:25:258:42":20,"s:264:38:271:1":94,"f:277:16:277:35":18,"b:277:46:277:48":21,"s:278:17:278:58":95,"s:281:2:286:4":96,"f:281:30:281:34":19,"s:282:4:285:6":97,"b:283:12:283:21:283:25:283:37":22,"b:289:2:298:3:undefined:undefined:undefined:undefined":23,"s:289:2:298:3":98,"s:290:18:290:49":99,"s:291:4:291:35":100,"s:292:4:296:5":101,"s:297:4:297:36":102,"f:306:22:306:34":20,"b:307:2:314:3:undefined:undefined:undefined:undefined":24,"s:307:2:314:3":103,"s:308:4:313:5":104,"s:309:6:309:55":105,"s:310:6:310:57":106,"s:312:6:312:18":107,"s:315:2:315:13":108,"f:324:22:324:34":21,"b:324:59:324:63":25,"b:325:2:325:36:undefined:undefined:undefined:undefined":26,"s:325:2:325:36":109,"s:325:30:325:36":110,"s:327:19:329:3":111,"f:327:36:327:40":22,"s:328:4:328:41":112,"s:331:2:340:3":113,"s:332:4:337:6":114,"f:334:18:334:19":23,"s:335:8:335:62":115,"f:335:19:335:20":24,"s:335:25:335:52":116,"s:339:4:339:38":117,"f:347:2:347:13":25,"s:348:4:348:36":118,"s:349:4:349:37":119,"f:356:2:356:17":26,"s:357:4:362:6":120,"f:357:22:357:30":27,"b:358:6:361:7:undefined:undefined:undefined:undefined":27,"s:358:6:361:7":121,"s:359:8:359:71":122,"s:360:8:360:47":123,"f:369:2:369:21":28,"s:371:21:378:5":124,"f:371:21:371:22":29,"s:372:6:377:8":125,"f:372:19:372:22":30,"b:373:8:376:9:undefined:undefined:undefined:undefined":28,"s:373:8:376:9":126,"s:374:10:374:31":127,"s:375:10:375:39":128,"b:380:4:384:5:382:11:384:5":29,"s:380:4:384:5":129,"s:381:6:381:54":130,"s:383:6:383:32":131,"f:391:2:391:19":31,"s:392:4:395:6":132,"f:392:20:392:26":32,"s:393:6:393:30":133,"s:394:6:394:25":134,"s:402:33:402:56":135,"f:408:16:408:40":33,"b:408:51:408:53":30,"s:414:6:414:13":136,"b:410:23:410:50":31,"b:411:19:411:21":32,"b:412:24:412:26":33,"b:413:21:413:23":34,"s:417:23:417:53":137,"s:420:2:420:39":138,"s:423:2:423:56":139,"b:426:2:428:3:undefined:undefined:undefined:undefined":35,"s:426:2:428:3":140,"s:427:4:427:57":141,"s:430:2:433:3":142}}}
}
