{"total": {"lines":{"total":1376,"covered":804,"skipped":0,"pct":58.43},"statements":{"total":1439,"covered":844,"skipped":0,"pct":58.65},"functions":{"total":316,"covered":151,"skipped":0,"pct":47.78},"branches":{"total":698,"covered":355,"skipped":0,"pct":50.85},"branchesTrue":{"total":0,"covered":0,"skipped":0,"pct":100}}
,"D:\\AFitness\\Fitness\\frontend\\src\\api\\apiCache.js": {"lines":{"total":1,"covered":1,"skipped":0,"pct":100},"functions":{"total":0,"covered":0,"skipped":0,"pct":100},"statements":{"total":1,"covered":1,"skipped":0,"pct":100},"branches":{"total":0,"covered":0,"skipped":0,"pct":100}}
,"D:\\AFitness\\Fitness\\frontend\\src\\components\\CalorieCalculator.vue": {"lines":{"total":44,"covered":34,"skipped":0,"pct":77.27},"functions":{"total":16,"covered":4,"skipped":0,"pct":25},"statements":{"total":48,"covered":37,"skipped":0,"pct":77.08},"branches":{"total":36,"covered":24,"skipped":0,"pct":66.66}}
,"D:\\AFitness\\Fitness\\frontend\\src\\components\\ConnectionStatusIndicator.vue": {"lines":{"total":28,"covered":23,"skipped":0,"pct":82.14},"functions":{"total":8,"covered":3,"skipped":0,"pct":37.5},"statements":{"total":28,"covered":23,"skipped":0,"pct":82.14},"branches":{"total":20,"covered":16,"skipped":0,"pct":80}}
,"D:\\AFitness\\Fitness\\frontend\\src\\components\\ErrorBoundary.vue": {"lines":{"total":84,"covered":32,"skipped":0,"pct":38.09},"functions":{"total":17,"covered":1,"skipped":0,"pct":5.88},"statements":{"total":89,"covered":32,"skipped":0,"pct":35.95},"branches":{"total":45,"covered":7,"skipped":0,"pct":15.55}}
,"D:\\AFitness\\Fitness\\frontend\\src\\components\\MetricsOverview.vue": {"lines":{"total":225,"covered":134,"skipped":0,"pct":59.55},"functions":{"total":39,"covered":10,"skipped":0,"pct":25.64},"statements":{"total":239,"covered":142,"skipped":0,"pct":59.41},"branches":{"total":141,"covered":80,"skipped":0,"pct":56.73}}
,"D:\\AFitness\\Fitness\\frontend\\src\\components\\OneRepMaxCalculator.vue": {"lines":{"total":93,"covered":82,"skipped":0,"pct":88.17},"functions":{"total":26,"covered":16,"skipped":0,"pct":61.53},"statements":{"total":100,"covered":89,"skipped":0,"pct":89},"branches":{"total":73,"covered":44,"skipped":0,"pct":60.27}}
,"D:\\AFitness\\Fitness\\frontend\\src\\composables\\useConnectionStatus.js": {"lines":{"total":97,"covered":55,"skipped":0,"pct":56.7},"functions":{"total":20,"covered":8,"skipped":0,"pct":40},"statements":{"total":102,"covered":56,"skipped":0,"pct":54.9},"branches":{"total":43,"covered":21,"skipped":0,"pct":48.83}}
,"D:\\AFitness\\Fitness\\frontend\\src\\composables\\useMobileGestures.js": {"lines":{"total":167,"covered":36,"skipped":0,"pct":21.55},"functions":{"total":40,"covered":7,"skipped":0,"pct":17.5},"statements":{"total":167,"covered":36,"skipped":0,"pct":21.55},"branches":{"total":65,"covered":9,"skipped":0,"pct":13.84}}
,"D:\\AFitness\\Fitness\\frontend\\src\\composables\\useTheme.js": {"lines":{"total":80,"covered":31,"skipped":0,"pct":38.75},"functions":{"total":22,"covered":7,"skipped":0,"pct":31.81},"statements":{"total":87,"covered":36,"skipped":0,"pct":41.37},"branches":{"total":50,"covered":14,"skipped":0,"pct":28}}
,"D:\\AFitness\\Fitness\\frontend\\src\\stores\\fitness.js": {"lines":{"total":62,"covered":31,"skipped":0,"pct":50},"functions":{"total":22,"covered":16,"skipped":0,"pct":72.72},"statements":{"total":67,"covered":35,"skipped":0,"pct":52.23},"branches":{"total":17,"covered":5,"skipped":0,"pct":29.41}}
,"D:\\AFitness\\Fitness\\frontend\\src\\stores\\layout.js": {"lines":{"total":124,"covered":122,"skipped":0,"pct":98.38},"functions":{"total":26,"covered":26,"skipped":0,"pct":100},"statements":{"total":127,"covered":124,"skipped":0,"pct":97.63},"branches":{"total":64,"covered":54,"skipped":0,"pct":84.37}}
,"D:\\AFitness\\Fitness\\frontend\\src\\stores\\training.js": {"lines":{"total":120,"covered":72,"skipped":0,"pct":60},"functions":{"total":22,"covered":16,"skipped":0,"pct":72.72},"statements":{"total":126,"covered":76,"skipped":0,"pct":60.31},"branches":{"total":44,"covered":23,"skipped":0,"pct":52.27}}
,"D:\\AFitness\\Fitness\\frontend\\src\\stores\\user.js": {"lines":{"total":112,"covered":59,"skipped":0,"pct":52.67},"functions":{"total":24,"covered":14,"skipped":0,"pct":58.33},"statements":{"total":113,"covered":60,"skipped":0,"pct":53.09},"branches":{"total":40,"covered":17,"skipped":0,"pct":42.5}}
,"D:\\AFitness\\Fitness\\frontend\\src\\utils\\message.js": {"lines":{"total":1,"covered":1,"skipped":0,"pct":100},"functions":{"total":0,"covered":0,"skipped":0,"pct":100},"statements":{"total":1,"covered":1,"skipped":0,"pct":100},"branches":{"total":0,"covered":0,"skipped":0,"pct":100}}
,"D:\\AFitness\\Fitness\\frontend\\src\\utils\\performance.js": {"lines":{"total":1,"covered":1,"skipped":0,"pct":100},"functions":{"total":0,"covered":0,"skipped":0,"pct":100},"statements":{"total":1,"covered":1,"skipped":0,"pct":100},"branches":{"total":0,"covered":0,"skipped":0,"pct":100}}
,"D:\\AFitness\\Fitness\\frontend\\src\\utils\\resourceOptimization.js": {"lines":{"total":137,"covered":90,"skipped":0,"pct":65.69},"functions":{"total":34,"covered":23,"skipped":0,"pct":67.64},"statements":{"total":143,"covered":95,"skipped":0,"pct":66.43},"branches":{"total":60,"covered":41,"skipped":0,"pct":68.33}}
}
